{"C:\\Users\\lucas\\E-Dentrogram-Frontend-TIP-UNQ\\src\\App.jsx": {"path":"C:\\Users\\lucas\\E-Dentrogram-Frontend-TIP-UNQ\\src\\App.jsx","all":true,"statementMap":{"0":{"start":{"line":1,"column":0},"end":{"line":1,"column":26}},"1":{"start":{"line":2,"column":0},"end":{"line":2,"column":19}},"2":{"start":{"line":3,"column":0},"end":{"line":3,"column":74}},"3":{"start":{"line":4,"column":0},"end":{"line":4,"column":63}},"4":{"start":{"line":5,"column":0},"end":{"line":5,"column":48}},"5":{"start":{"line":6,"column":0},"end":{"line":6,"column":57}},"6":{"start":{"line":7,"column":0},"end":{"line":7,"column":37}},"7":{"start":{"line":8,"column":0},"end":{"line":8,"column":61}},"8":{"start":{"line":9,"column":0},"end":{"line":9,"column":39}},"10":{"start":{"line":11,"column":0},"end":{"line":11,"column":49}},"11":{"start":{"line":12,"column":0},"end":{"line":12,"column":60}},"12":{"start":{"line":13,"column":0},"end":{"line":13,"column":46}},"13":{"start":{"line":14,"column":0},"end":{"line":14,"column":48}},"14":{"start":{"line":15,"column":0},"end":{"line":15,"column":58}},"16":{"start":{"line":17,"column":0},"end":{"line":17,"column":16}},"17":{"start":{"line":18,"column":0},"end":{"line":18,"column":25}},"18":{"start":{"line":19,"column":0},"end":{"line":19,"column":23}},"19":{"start":{"line":20,"column":0},"end":{"line":20,"column":25}},"20":{"start":{"line":21,"column":0},"end":{"line":21,"column":24}},"21":{"start":{"line":22,"column":0},"end":{"line":22,"column":23}},"22":{"start":{"line":23,"column":0},"end":{"line":23,"column":27}},"23":{"start":{"line":24,"column":0},"end":{"line":24,"column":23}},"24":{"start":{"line":25,"column":0},"end":{"line":25,"column":10}},"26":{"start":{"line":27,"column":0},"end":{"line":27,"column":19}},"27":{"start":{"line":28,"column":0},"end":{"line":28,"column":10}},"28":{"start":{"line":29,"column":0},"end":{"line":29,"column":6}},"29":{"start":{"line":30,"column":0},"end":{"line":30,"column":112}},"30":{"start":{"line":31,"column":0},"end":{"line":31,"column":14}},"31":{"start":{"line":32,"column":0},"end":{"line":32,"column":18}},"33":{"start":{"line":34,"column":0},"end":{"line":34,"column":16}},"34":{"start":{"line":35,"column":0},"end":{"line":35,"column":48}},"35":{"start":{"line":36,"column":0},"end":{"line":36,"column":59}},"36":{"start":{"line":37,"column":0},"end":{"line":37,"column":51}},"37":{"start":{"line":38,"column":0},"end":{"line":38,"column":67}},"38":{"start":{"line":39,"column":0},"end":{"line":39,"column":56}},"39":{"start":{"line":40,"column":0},"end":{"line":40,"column":62}},"40":{"start":{"line":41,"column":0},"end":{"line":41,"column":92}},"41":{"start":{"line":42,"column":0},"end":{"line":42,"column":17}},"43":{"start":{"line":44,"column":0},"end":{"line":44,"column":23}},"44":{"start":{"line":45,"column":0},"end":{"line":45,"column":34}},"45":{"start":{"line":46,"column":0},"end":{"line":46,"column":26}},"46":{"start":{"line":47,"column":0},"end":{"line":47,"column":33}},"47":{"start":{"line":48,"column":0},"end":{"line":48,"column":29}},"48":{"start":{"line":49,"column":0},"end":{"line":49,"column":30}},"49":{"start":{"line":50,"column":0},"end":{"line":50,"column":21}},"50":{"start":{"line":51,"column":0},"end":{"line":51,"column":26}},"51":{"start":{"line":52,"column":0},"end":{"line":52,"column":19}},"52":{"start":{"line":53,"column":0},"end":{"line":53,"column":22}},"53":{"start":{"line":54,"column":0},"end":{"line":54,"column":23}},"54":{"start":{"line":55,"column":0},"end":{"line":55,"column":29}},"55":{"start":{"line":56,"column":0},"end":{"line":56,"column":10}},"56":{"start":{"line":57,"column":0},"end":{"line":57,"column":15}},"57":{"start":{"line":58,"column":0},"end":{"line":58,"column":26}},"58":{"start":{"line":59,"column":0},"end":{"line":59,"column":7}},"60":{"start":{"line":61,"column":0},"end":{"line":61,"column":2}},"62":{"start":{"line":63,"column":0},"end":{"line":63,"column":19}}},"s":{"0":0,"1":0,"2":0,"3":0,"4":0,"5":0,"6":0,"7":0,"8":0,"10":0,"11":0,"12":0,"13":0,"14":0,"16":0,"17":0,"18":0,"19":0,"20":0,"21":0,"22":0,"23":0,"24":0,"26":0,"27":0,"28":0,"29":0,"30":0,"31":0,"33":0,"34":0,"35":0,"36":0,"37":0,"38":0,"39":0,"40":0,"41":0,"43":0,"44":0,"45":0,"46":0,"47":0,"48":0,"49":0,"50":0,"51":0,"52":0,"53":0,"54":0,"55":0,"56":0,"57":0,"58":0,"60":0,"62":0},"branchMap":{"0":{"type":"branch","line":1,"loc":{"start":{"line":1,"column":2066},"end":{"line":63,"column":19}},"locations":[{"start":{"line":1,"column":2066},"end":{"line":63,"column":19}}]}},"b":{"0":[0]},"fnMap":{"0":{"name":"(empty-report)","decl":{"start":{"line":1,"column":2066},"end":{"line":63,"column":19}},"loc":{"start":{"line":1,"column":2066},"end":{"line":63,"column":19}},"line":1}},"f":{"0":0}}
,"C:\\Users\\lucas\\E-Dentrogram-Frontend-TIP-UNQ\\src\\main.jsx": {"path":"C:\\Users\\lucas\\E-Dentrogram-Frontend-TIP-UNQ\\src\\main.jsx","all":true,"statementMap":{"0":{"start":{"line":1,"column":0},"end":{"line":1,"column":34}},"1":{"start":{"line":2,"column":0},"end":{"line":2,"column":45}},"2":{"start":{"line":3,"column":0},"end":{"line":3,"column":20}},"3":{"start":{"line":4,"column":0},"end":{"line":4,"column":27}},"5":{"start":{"line":6,"column":0},"end":{"line":6,"column":51}},"6":{"start":{"line":7,"column":0},"end":{"line":7,"column":14}},"7":{"start":{"line":8,"column":0},"end":{"line":8,"column":11}},"8":{"start":{"line":9,"column":0},"end":{"line":9,"column":16}},"9":{"start":{"line":10,"column":0},"end":{"line":10,"column":1}}},"s":{"0":0,"1":0,"2":0,"3":0,"5":0,"6":0,"7":0,"8":0,"9":0},"branchMap":{"0":{"type":"branch","line":1,"loc":{"start":{"line":1,"column":209},"end":{"line":10,"column":-155}},"locations":[{"start":{"line":1,"column":209},"end":{"line":10,"column":-155}}]}},"b":{"0":[0]},"fnMap":{"0":{"name":"(empty-report)","decl":{"start":{"line":1,"column":209},"end":{"line":10,"column":-155}},"loc":{"start":{"line":1,"column":209},"end":{"line":10,"column":-155}},"line":1}},"f":{"0":0}}
,"C:\\Users\\lucas\\E-Dentrogram-Frontend-TIP-UNQ\\src\\components\\GoogleAuth.jsx": {"path":"C:\\Users\\lucas\\E-Dentrogram-Frontend-TIP-UNQ\\src\\components\\GoogleAuth.jsx","all":true,"statementMap":{"0":{"start":{"line":1,"column":0},"end":{"line":1,"column":41}},"1":{"start":{"line":2,"column":0},"end":{"line":2,"column":9}},"2":{"start":{"line":3,"column":0},"end":{"line":3,"column":68}},"3":{"start":{"line":4,"column":0},"end":{"line":4,"column":99}},"4":{"start":{"line":5,"column":0},"end":{"line":5,"column":225}},"5":{"start":{"line":6,"column":0},"end":{"line":6,"column":256}},"6":{"start":{"line":7,"column":0},"end":{"line":7,"column":232}},"7":{"start":{"line":8,"column":0},"end":{"line":8,"column":227}},"8":{"start":{"line":9,"column":0},"end":{"line":9,"column":10}},"10":{"start":{"line":11,"column":0},"end":{"line":11,"column":11}},"12":{"start":{"line":13,"column":0},"end":{"line":13,"column":1}},"14":{"start":{"line":15,"column":0},"end":{"line":15,"column":25}}},"s":{"0":0,"1":0,"2":0,"3":0,"4":0,"5":0,"6":0,"7":0,"8":0,"10":0,"12":0,"14":0},"branchMap":{"0":{"type":"branch","line":1,"loc":{"start":{"line":1,"column":1261},"end":{"line":15,"column":25}},"locations":[{"start":{"line":1,"column":1261},"end":{"line":15,"column":25}}]}},"b":{"0":[0]},"fnMap":{"0":{"name":"(empty-report)","decl":{"start":{"line":1,"column":1261},"end":{"line":15,"column":25}},"loc":{"start":{"line":1,"column":1261},"end":{"line":15,"column":25}},"line":1}},"f":{"0":0}}
,"C:\\Users\\lucas\\E-Dentrogram-Frontend-TIP-UNQ\\src\\components\\Modal.jsx": {"path":"C:\\Users\\lucas\\E-Dentrogram-Frontend-TIP-UNQ\\src\\components\\Modal.jsx","all":false,"statementMap":{"0":{"start":{"line":1,"column":0},"end":{"line":1,"column":34}},"2":{"start":{"line":3,"column":0},"end":{"line":3,"column":44}},"4":{"start":{"line":5,"column":0},"end":{"line":5,"column":21}},"5":{"start":{"line":6,"column":0},"end":{"line":6,"column":38}},"6":{"start":{"line":7,"column":0},"end":{"line":7,"column":39}},"7":{"start":{"line":8,"column":0},"end":{"line":8,"column":21}},"8":{"start":{"line":9,"column":0},"end":{"line":9,"column":11}},"9":{"start":{"line":10,"column":0},"end":{"line":10,"column":10}},"10":{"start":{"line":11,"column":0},"end":{"line":11,"column":54}},"12":{"start":{"line":13,"column":0},"end":{"line":13,"column":22}},"13":{"start":{"line":14,"column":0},"end":{"line":14,"column":59}},"14":{"start":{"line":15,"column":0},"end":{"line":15,"column":10}},"15":{"start":{"line":16,"column":0},"end":{"line":16,"column":13}},"18":{"start":{"line":19,"column":0},"end":{"line":19,"column":29}},"20":{"start":{"line":21,"column":0},"end":{"line":21,"column":11}},"21":{"start":{"line":22,"column":0},"end":{"line":22,"column":21}},"22":{"start":{"line":23,"column":0},"end":{"line":23,"column":25}},"23":{"start":{"line":24,"column":0},"end":{"line":24,"column":32}},"25":{"start":{"line":26,"column":0},"end":{"line":26,"column":12}},"26":{"start":{"line":27,"column":0},"end":{"line":27,"column":27}},"28":{"start":{"line":29,"column":0},"end":{"line":29,"column":32}},"29":{"start":{"line":30,"column":0},"end":{"line":30,"column":14}},"30":{"start":{"line":31,"column":0},"end":{"line":31,"column":35}},"32":{"start":{"line":33,"column":0},"end":{"line":33,"column":22}},"33":{"start":{"line":34,"column":0},"end":{"line":34,"column":14}},"34":{"start":{"line":35,"column":0},"end":{"line":35,"column":10}},"36":{"start":{"line":37,"column":0},"end":{"line":37,"column":1}},"38":{"start":{"line":39,"column":0},"end":{"line":39,"column":20}}},"s":{"0":1,"2":135,"4":135,"5":61,"6":0,"7":0,"8":0,"9":0,"10":61,"12":61,"13":61,"14":61,"15":135,"18":135,"20":23,"21":23,"22":23,"23":23,"25":23,"26":23,"28":8,"29":8,"30":23,"32":23,"33":23,"34":23,"36":23,"38":1},"branchMap":{"0":{"type":"branch","line":3,"loc":{"start":{"line":3,"column":0},"end":{"line":37,"column":1}},"locations":[{"start":{"line":3,"column":0},"end":{"line":37,"column":1}}]},"1":{"type":"branch","line":19,"loc":{"start":{"line":19,"column":17},"end":{"line":19,"column":29}},"locations":[{"start":{"line":19,"column":17},"end":{"line":19,"column":29}}]},"2":{"type":"branch","line":19,"loc":{"start":{"line":19,"column":24},"end":{"line":37,"column":1}},"locations":[{"start":{"line":19,"column":24},"end":{"line":37,"column":1}}]},"3":{"type":"branch","line":5,"loc":{"start":{"line":5,"column":14},"end":{"line":16,"column":9}},"locations":[{"start":{"line":5,"column":14},"end":{"line":16,"column":9}}]},"4":{"type":"branch","line":13,"loc":{"start":{"line":13,"column":15},"end":{"line":15,"column":10}},"locations":[{"start":{"line":13,"column":15},"end":{"line":15,"column":10}}]},"5":{"type":"branch","line":27,"loc":{"start":{"line":27,"column":21},"end":{"line":30,"column":14}},"locations":[{"start":{"line":27,"column":21},"end":{"line":30,"column":14}}]}},"b":{"0":[135],"1":[112],"2":[23],"3":[61],"4":[61],"5":[8]},"fnMap":{"0":{"name":"Modal","decl":{"start":{"line":3,"column":0},"end":{"line":37,"column":1}},"loc":{"start":{"line":3,"column":0},"end":{"line":37,"column":1}},"line":3},"1":{"name":"handleEsc","decl":{"start":{"line":6,"column":26},"end":{"line":10,"column":10}},"loc":{"start":{"line":6,"column":26},"end":{"line":10,"column":10}},"line":6},"2":{"name":"onClick","decl":{"start":{"line":27,"column":21},"end":{"line":30,"column":14}},"loc":{"start":{"line":27,"column":21},"end":{"line":30,"column":14}},"line":27}},"f":{"0":135,"1":0,"2":8}}
,"C:\\Users\\lucas\\E-Dentrogram-Frontend-TIP-UNQ\\src\\components\\Calendario\\Calendario.jsx": {"path":"C:\\Users\\lucas\\E-Dentrogram-Frontend-TIP-UNQ\\src\\components\\Calendario\\Calendario.jsx","all":true,"statementMap":{"0":{"start":{"line":1,"column":0},"end":{"line":1,"column":59}},"1":{"start":{"line":2,"column":0},"end":{"line":2,"column":35}},"2":{"start":{"line":3,"column":0},"end":{"line":3,"column":47}},"3":{"start":{"line":4,"column":0},"end":{"line":4,"column":50}},"4":{"start":{"line":5,"column":0},"end":{"line":5,"column":52}},"5":{"start":{"line":6,"column":0},"end":{"line":6,"column":53}},"7":{"start":{"line":8,"column":0},"end":{"line":8,"column":51}},"8":{"start":{"line":9,"column":0},"end":{"line":9,"column":39}},"9":{"start":{"line":10,"column":0},"end":{"line":10,"column":55}},"10":{"start":{"line":11,"column":0},"end":{"line":11,"column":42}},"11":{"start":{"line":12,"column":0},"end":{"line":12,"column":36}},"12":{"start":{"line":13,"column":0},"end":{"line":13,"column":26}},"14":{"start":{"line":15,"column":0},"end":{"line":15,"column":36}},"15":{"start":{"line":16,"column":0},"end":{"line":16,"column":47}},"16":{"start":{"line":17,"column":0},"end":{"line":17,"column":29}},"18":{"start":{"line":19,"column":0},"end":{"line":19,"column":17}},"19":{"start":{"line":20,"column":0},"end":{"line":20,"column":78}},"20":{"start":{"line":21,"column":0},"end":{"line":21,"column":21}},"21":{"start":{"line":22,"column":0},"end":{"line":22,"column":66}},"22":{"start":{"line":23,"column":0},"end":{"line":23,"column":65}},"24":{"start":{"line":25,"column":0},"end":{"line":25,"column":24}},"25":{"start":{"line":26,"column":0},"end":{"line":26,"column":50}},"26":{"start":{"line":27,"column":0},"end":{"line":27,"column":43}},"28":{"start":{"line":29,"column":0},"end":{"line":29,"column":49}},"29":{"start":{"line":30,"column":0},"end":{"line":30,"column":45}},"30":{"start":{"line":31,"column":0},"end":{"line":31,"column":49}},"32":{"start":{"line":33,"column":0},"end":{"line":33,"column":56}},"34":{"start":{"line":35,"column":0},"end":{"line":35,"column":47}},"36":{"start":{"line":37,"column":0},"end":{"line":37,"column":63}},"38":{"start":{"line":39,"column":0},"end":{"line":39,"column":34}},"39":{"start":{"line":40,"column":0},"end":{"line":40,"column":59}},"40":{"start":{"line":41,"column":0},"end":{"line":41,"column":72}},"43":{"start":{"line":44,"column":0},"end":{"line":44,"column":36}},"44":{"start":{"line":45,"column":0},"end":{"line":45,"column":31}},"45":{"start":{"line":46,"column":0},"end":{"line":46,"column":13}},"46":{"start":{"line":47,"column":0},"end":{"line":47,"column":30}},"47":{"start":{"line":48,"column":0},"end":{"line":48,"column":42}},"48":{"start":{"line":49,"column":0},"end":{"line":49,"column":27}},"49":{"start":{"line":50,"column":0},"end":{"line":50,"column":27}},"50":{"start":{"line":51,"column":0},"end":{"line":51,"column":24}},"51":{"start":{"line":52,"column":0},"end":{"line":52,"column":29}},"52":{"start":{"line":53,"column":0},"end":{"line":53,"column":26}},"53":{"start":{"line":54,"column":0},"end":{"line":54,"column":8}},"54":{"start":{"line":55,"column":0},"end":{"line":55,"column":27}},"55":{"start":{"line":56,"column":0},"end":{"line":56,"column":61}},"56":{"start":{"line":57,"column":0},"end":{"line":57,"column":27}},"57":{"start":{"line":58,"column":0},"end":{"line":58,"column":34}},"58":{"start":{"line":59,"column":0},"end":{"line":59,"column":30}},"59":{"start":{"line":60,"column":0},"end":{"line":60,"column":36}},"60":{"start":{"line":61,"column":0},"end":{"line":61,"column":12}},"61":{"start":{"line":62,"column":0},"end":{"line":62,"column":29}},"62":{"start":{"line":63,"column":0},"end":{"line":63,"column":9}},"63":{"start":{"line":64,"column":0},"end":{"line":64,"column":4}},"65":{"start":{"line":66,"column":0},"end":{"line":66,"column":19}},"66":{"start":{"line":67,"column":0},"end":{"line":67,"column":30}},"67":{"start":{"line":68,"column":0},"end":{"line":68,"column":17}},"68":{"start":{"line":69,"column":0},"end":{"line":69,"column":15}},"69":{"start":{"line":70,"column":0},"end":{"line":70,"column":30}},"70":{"start":{"line":71,"column":0},"end":{"line":71,"column":41}},"71":{"start":{"line":72,"column":0},"end":{"line":72,"column":24}},"72":{"start":{"line":73,"column":0},"end":{"line":73,"column":10}},"73":{"start":{"line":74,"column":0},"end":{"line":74,"column":21}},"74":{"start":{"line":75,"column":0},"end":{"line":75,"column":60}},"75":{"start":{"line":76,"column":0},"end":{"line":76,"column":47}},"76":{"start":{"line":77,"column":0},"end":{"line":77,"column":34}},"77":{"start":{"line":78,"column":0},"end":{"line":78,"column":18}},"78":{"start":{"line":79,"column":0},"end":{"line":79,"column":33}},"79":{"start":{"line":80,"column":0},"end":{"line":80,"column":31}},"80":{"start":{"line":81,"column":0},"end":{"line":81,"column":11}},"81":{"start":{"line":82,"column":0},"end":{"line":82,"column":11}},"82":{"start":{"line":83,"column":0},"end":{"line":83,"column":6}},"84":{"start":{"line":85,"column":0},"end":{"line":85,"column":42}},"86":{"start":{"line":87,"column":0},"end":{"line":87,"column":52}},"87":{"start":{"line":88,"column":0},"end":{"line":88,"column":22}},"88":{"start":{"line":89,"column":0},"end":{"line":89,"column":39}},"89":{"start":{"line":90,"column":0},"end":{"line":90,"column":8}},"90":{"start":{"line":91,"column":0},"end":{"line":91,"column":25}},"91":{"start":{"line":92,"column":0},"end":{"line":92,"column":43}},"92":{"start":{"line":93,"column":0},"end":{"line":93,"column":9}},"95":{"start":{"line":96,"column":0},"end":{"line":96,"column":9}},"99":{"start":{"line":100,"column":0},"end":{"line":100,"column":36}},"100":{"start":{"line":101,"column":0},"end":{"line":101,"column":67}},"101":{"start":{"line":102,"column":0},"end":{"line":102,"column":49}},"102":{"start":{"line":103,"column":0},"end":{"line":103,"column":22}},"103":{"start":{"line":104,"column":0},"end":{"line":104,"column":24}},"104":{"start":{"line":105,"column":0},"end":{"line":105,"column":7}},"106":{"start":{"line":107,"column":0},"end":{"line":107,"column":71}},"107":{"start":{"line":108,"column":0},"end":{"line":108,"column":49}},"108":{"start":{"line":109,"column":0},"end":{"line":109,"column":7}},"110":{"start":{"line":111,"column":0},"end":{"line":111,"column":45}},"111":{"start":{"line":112,"column":0},"end":{"line":112,"column":22}},"112":{"start":{"line":113,"column":0},"end":{"line":113,"column":25}},"113":{"start":{"line":114,"column":0},"end":{"line":114,"column":103}},"114":{"start":{"line":115,"column":0},"end":{"line":115,"column":7}},"115":{"start":{"line":116,"column":0},"end":{"line":116,"column":3}},"117":{"start":{"line":118,"column":0},"end":{"line":118,"column":40}},"118":{"start":{"line":119,"column":0},"end":{"line":119,"column":27}},"119":{"start":{"line":120,"column":0},"end":{"line":120,"column":52}},"120":{"start":{"line":121,"column":0},"end":{"line":121,"column":13}},"121":{"start":{"line":122,"column":0},"end":{"line":122,"column":5}},"123":{"start":{"line":124,"column":0},"end":{"line":124,"column":23}},"124":{"start":{"line":125,"column":0},"end":{"line":125,"column":77}},"125":{"start":{"line":126,"column":0},"end":{"line":126,"column":13}},"126":{"start":{"line":127,"column":0},"end":{"line":127,"column":5}},"127":{"start":{"line":128,"column":0},"end":{"line":128,"column":57}},"129":{"start":{"line":130,"column":0},"end":{"line":130,"column":19}},"130":{"start":{"line":131,"column":0},"end":{"line":131,"column":25}},"131":{"start":{"line":132,"column":0},"end":{"line":132,"column":120}},"132":{"start":{"line":133,"column":0},"end":{"line":133,"column":14}},"133":{"start":{"line":134,"column":0},"end":{"line":134,"column":38}},"134":{"start":{"line":135,"column":0},"end":{"line":135,"column":67}},"135":{"start":{"line":136,"column":0},"end":{"line":136,"column":8}},"136":{"start":{"line":137,"column":0},"end":{"line":137,"column":12}},"137":{"start":{"line":138,"column":0},"end":{"line":138,"column":36}},"138":{"start":{"line":139,"column":0},"end":{"line":139,"column":67}},"139":{"start":{"line":140,"column":0},"end":{"line":140,"column":8}},"140":{"start":{"line":141,"column":0},"end":{"line":141,"column":6}},"142":{"start":{"line":143,"column":0},"end":{"line":143,"column":34}},"143":{"start":{"line":144,"column":0},"end":{"line":144,"column":24}},"144":{"start":{"line":145,"column":0},"end":{"line":145,"column":24}},"145":{"start":{"line":146,"column":0},"end":{"line":146,"column":38}},"147":{"start":{"line":148,"column":0},"end":{"line":148,"column":16}},"148":{"start":{"line":149,"column":0},"end":{"line":149,"column":72}},"149":{"start":{"line":150,"column":0},"end":{"line":150,"column":7}},"150":{"start":{"line":151,"column":0},"end":{"line":151,"column":23}},"151":{"start":{"line":152,"column":0},"end":{"line":152,"column":18}},"152":{"start":{"line":153,"column":0},"end":{"line":153,"column":49}},"153":{"start":{"line":154,"column":0},"end":{"line":154,"column":10}},"154":{"start":{"line":155,"column":0},"end":{"line":155,"column":36}},"155":{"start":{"line":156,"column":0},"end":{"line":156,"column":7}},"156":{"start":{"line":157,"column":0},"end":{"line":157,"column":5}},"157":{"start":{"line":158,"column":0},"end":{"line":158,"column":34}},"158":{"start":{"line":159,"column":0},"end":{"line":159,"column":19}},"159":{"start":{"line":160,"column":0},"end":{"line":160,"column":41}},"160":{"start":{"line":161,"column":0},"end":{"line":161,"column":32}},"163":{"start":{"line":164,"column":0},"end":{"line":164,"column":34}},"164":{"start":{"line":165,"column":0},"end":{"line":165,"column":27}},"165":{"start":{"line":166,"column":0},"end":{"line":166,"column":37}},"166":{"start":{"line":167,"column":0},"end":{"line":167,"column":36}},"168":{"start":{"line":169,"column":0},"end":{"line":169,"column":30}},"169":{"start":{"line":170,"column":0},"end":{"line":170,"column":25}},"170":{"start":{"line":171,"column":0},"end":{"line":171,"column":29}},"171":{"start":{"line":172,"column":0},"end":{"line":172,"column":27}},"172":{"start":{"line":173,"column":0},"end":{"line":173,"column":33}},"173":{"start":{"line":174,"column":0},"end":{"line":174,"column":8}},"174":{"start":{"line":175,"column":0},"end":{"line":175,"column":25}},"175":{"start":{"line":176,"column":0},"end":{"line":176,"column":88}},"176":{"start":{"line":177,"column":0},"end":{"line":177,"column":48}},"177":{"start":{"line":178,"column":0},"end":{"line":178,"column":9}},"178":{"start":{"line":179,"column":0},"end":{"line":179,"column":3}},"181":{"start":{"line":182,"column":0},"end":{"line":182,"column":38}},"182":{"start":{"line":183,"column":0},"end":{"line":183,"column":46}},"184":{"start":{"line":185,"column":0},"end":{"line":185,"column":58}},"185":{"start":{"line":186,"column":0},"end":{"line":186,"column":67}},"187":{"start":{"line":188,"column":0},"end":{"line":188,"column":22}},"188":{"start":{"line":189,"column":0},"end":{"line":189,"column":11}},"189":{"start":{"line":190,"column":0},"end":{"line":190,"column":64}},"190":{"start":{"line":191,"column":0},"end":{"line":191,"column":35}},"192":{"start":{"line":193,"column":0},"end":{"line":193,"column":34}},"193":{"start":{"line":194,"column":0},"end":{"line":194,"column":12}},"195":{"start":{"line":196,"column":0},"end":{"line":196,"column":6}},"196":{"start":{"line":197,"column":0},"end":{"line":197,"column":21}},"197":{"start":{"line":198,"column":0},"end":{"line":198,"column":23}},"198":{"start":{"line":199,"column":0},"end":{"line":199,"column":27}},"199":{"start":{"line":200,"column":0},"end":{"line":200,"column":31}},"200":{"start":{"line":201,"column":0},"end":{"line":201,"column":31}},"201":{"start":{"line":202,"column":0},"end":{"line":202,"column":7}},"202":{"start":{"line":203,"column":0},"end":{"line":203,"column":4}},"204":{"start":{"line":205,"column":0},"end":{"line":205,"column":34}},"205":{"start":{"line":206,"column":0},"end":{"line":206,"column":41}},"206":{"start":{"line":207,"column":0},"end":{"line":207,"column":4}},"210":{"start":{"line":211,"column":0},"end":{"line":211,"column":22}},"211":{"start":{"line":212,"column":0},"end":{"line":212,"column":69}},"212":{"start":{"line":213,"column":0},"end":{"line":213,"column":38}},"213":{"start":{"line":214,"column":0},"end":{"line":214,"column":11}},"215":{"start":{"line":216,"column":0},"end":{"line":216,"column":10}},"218":{"start":{"line":219,"column":0},"end":{"line":219,"column":34}},"219":{"start":{"line":220,"column":0},"end":{"line":220,"column":21}},"220":{"start":{"line":221,"column":0},"end":{"line":221,"column":51}},"221":{"start":{"line":222,"column":0},"end":{"line":222,"column":36}},"222":{"start":{"line":223,"column":0},"end":{"line":223,"column":27}},"223":{"start":{"line":224,"column":0},"end":{"line":224,"column":25}},"224":{"start":{"line":225,"column":0},"end":{"line":225,"column":26}},"225":{"start":{"line":226,"column":0},"end":{"line":226,"column":36}},"226":{"start":{"line":227,"column":0},"end":{"line":227,"column":43}},"227":{"start":{"line":228,"column":0},"end":{"line":228,"column":47}},"228":{"start":{"line":229,"column":0},"end":{"line":229,"column":12}},"229":{"start":{"line":230,"column":0},"end":{"line":230,"column":18}},"230":{"start":{"line":231,"column":0},"end":{"line":231,"column":48}},"231":{"start":{"line":232,"column":0},"end":{"line":232,"column":51}},"232":{"start":{"line":233,"column":0},"end":{"line":233,"column":12}},"233":{"start":{"line":234,"column":0},"end":{"line":234,"column":25}},"234":{"start":{"line":235,"column":0},"end":{"line":235,"column":32}},"235":{"start":{"line":236,"column":0},"end":{"line":236,"column":28}},"236":{"start":{"line":237,"column":0},"end":{"line":237,"column":29}},"238":{"start":{"line":239,"column":0},"end":{"line":239,"column":44}},"239":{"start":{"line":240,"column":0},"end":{"line":240,"column":44}},"241":{"start":{"line":242,"column":0},"end":{"line":242,"column":26}},"242":{"start":{"line":243,"column":0},"end":{"line":243,"column":29}},"243":{"start":{"line":244,"column":0},"end":{"line":244,"column":35}},"244":{"start":{"line":245,"column":0},"end":{"line":245,"column":47}},"245":{"start":{"line":246,"column":0},"end":{"line":246,"column":15}},"246":{"start":{"line":247,"column":0},"end":{"line":247,"column":12}},"248":{"start":{"line":249,"column":0},"end":{"line":249,"column":10}},"249":{"start":{"line":250,"column":0},"end":{"line":250,"column":12}},"251":{"start":{"line":252,"column":0},"end":{"line":252,"column":71}},"252":{"start":{"line":253,"column":0},"end":{"line":253,"column":41}},"253":{"start":{"line":254,"column":0},"end":{"line":254,"column":33}},"254":{"start":{"line":255,"column":0},"end":{"line":255,"column":37}},"255":{"start":{"line":256,"column":0},"end":{"line":256,"column":73}},"256":{"start":{"line":257,"column":0},"end":{"line":257,"column":23}},"257":{"start":{"line":258,"column":0},"end":{"line":258,"column":62}},"258":{"start":{"line":259,"column":0},"end":{"line":259,"column":34}},"259":{"start":{"line":260,"column":0},"end":{"line":260,"column":39}},"260":{"start":{"line":261,"column":0},"end":{"line":261,"column":36}},"261":{"start":{"line":262,"column":0},"end":{"line":262,"column":75}},"262":{"start":{"line":263,"column":0},"end":{"line":263,"column":23}},"263":{"start":{"line":264,"column":0},"end":{"line":264,"column":21}},"266":{"start":{"line":267,"column":0},"end":{"line":267,"column":64}},"267":{"start":{"line":268,"column":0},"end":{"line":268,"column":46}},"268":{"start":{"line":269,"column":0},"end":{"line":269,"column":27}},"269":{"start":{"line":270,"column":0},"end":{"line":270,"column":49}},"270":{"start":{"line":271,"column":0},"end":{"line":271,"column":51}},"272":{"start":{"line":273,"column":0},"end":{"line":273,"column":36}},"273":{"start":{"line":274,"column":0},"end":{"line":274,"column":29}},"274":{"start":{"line":275,"column":0},"end":{"line":275,"column":21}},"275":{"start":{"line":276,"column":0},"end":{"line":276,"column":25}},"276":{"start":{"line":277,"column":0},"end":{"line":277,"column":20}},"277":{"start":{"line":278,"column":0},"end":{"line":278,"column":37}},"278":{"start":{"line":279,"column":0},"end":{"line":279,"column":46}},"279":{"start":{"line":280,"column":0},"end":{"line":280,"column":20}},"280":{"start":{"line":281,"column":0},"end":{"line":281,"column":27}},"281":{"start":{"line":282,"column":0},"end":{"line":282,"column":62}},"282":{"start":{"line":283,"column":0},"end":{"line":283,"column":16}},"283":{"start":{"line":284,"column":0},"end":{"line":284,"column":20}},"284":{"start":{"line":285,"column":0},"end":{"line":285,"column":43}},"285":{"start":{"line":286,"column":0},"end":{"line":286,"column":37}},"286":{"start":{"line":287,"column":0},"end":{"line":287,"column":62}},"287":{"start":{"line":288,"column":0},"end":{"line":288,"column":68}},"288":{"start":{"line":289,"column":0},"end":{"line":289,"column":20}},"289":{"start":{"line":290,"column":0},"end":{"line":290,"column":37}},"290":{"start":{"line":291,"column":0},"end":{"line":291,"column":59}},"291":{"start":{"line":292,"column":0},"end":{"line":292,"column":64}},"292":{"start":{"line":293,"column":0},"end":{"line":293,"column":20}},"293":{"start":{"line":294,"column":0},"end":{"line":294,"column":18}},"295":{"start":{"line":296,"column":0},"end":{"line":296,"column":43}},"296":{"start":{"line":297,"column":0},"end":{"line":297,"column":21}},"297":{"start":{"line":298,"column":0},"end":{"line":298,"column":45}},"298":{"start":{"line":299,"column":0},"end":{"line":299,"column":53}},"299":{"start":{"line":300,"column":0},"end":{"line":300,"column":15}},"301":{"start":{"line":302,"column":0},"end":{"line":302,"column":23}},"302":{"start":{"line":303,"column":0},"end":{"line":303,"column":21}},"303":{"start":{"line":304,"column":0},"end":{"line":304,"column":45}},"304":{"start":{"line":305,"column":0},"end":{"line":305,"column":45}},"305":{"start":{"line":306,"column":0},"end":{"line":306,"column":15}},"307":{"start":{"line":308,"column":0},"end":{"line":308,"column":23}},"308":{"start":{"line":309,"column":0},"end":{"line":309,"column":18}},"309":{"start":{"line":310,"column":0},"end":{"line":310,"column":16}},"311":{"start":{"line":312,"column":0},"end":{"line":312,"column":14}},"313":{"start":{"line":314,"column":0},"end":{"line":314,"column":76}},"314":{"start":{"line":315,"column":0},"end":{"line":315,"column":24}},"315":{"start":{"line":316,"column":0},"end":{"line":316,"column":12}},"317":{"start":{"line":318,"column":0},"end":{"line":318,"column":11}},"319":{"start":{"line":320,"column":0},"end":{"line":320,"column":1}},"321":{"start":{"line":322,"column":0},"end":{"line":322,"column":27}}},"s":{"0":0,"1":0,"2":0,"3":0,"4":0,"5":0,"7":0,"8":0,"9":0,"10":0,"11":0,"12":0,"14":0,"15":0,"16":0,"18":0,"19":0,"20":0,"21":0,"22":0,"24":0,"25":0,"26":0,"28":0,"29":0,"30":0,"32":0,"34":0,"36":0,"38":0,"39":0,"40":0,"43":0,"44":0,"45":0,"46":0,"47":0,"48":0,"49":0,"50":0,"51":0,"52":0,"53":0,"54":0,"55":0,"56":0,"57":0,"58":0,"59":0,"60":0,"61":0,"62":0,"63":0,"65":0,"66":0,"67":0,"68":0,"69":0,"70":0,"71":0,"72":0,"73":0,"74":0,"75":0,"76":0,"77":0,"78":0,"79":0,"80":0,"81":0,"82":0,"84":0,"86":0,"87":0,"88":0,"89":0,"90":0,"91":0,"92":0,"95":0,"99":0,"100":0,"101":0,"102":0,"103":0,"104":0,"106":0,"107":0,"108":0,"110":0,"111":0,"112":0,"113":0,"114":0,"115":0,"117":0,"118":0,"119":0,"120":0,"121":0,"123":0,"124":0,"125":0,"126":0,"127":0,"129":0,"130":0,"131":0,"132":0,"133":0,"134":0,"135":0,"136":0,"137":0,"138":0,"139":0,"140":0,"142":0,"143":0,"144":0,"145":0,"147":0,"148":0,"149":0,"150":0,"151":0,"152":0,"153":0,"154":0,"155":0,"156":0,"157":0,"158":0,"159":0,"160":0,"163":0,"164":0,"165":0,"166":0,"168":0,"169":0,"170":0,"171":0,"172":0,"173":0,"174":0,"175":0,"176":0,"177":0,"178":0,"181":0,"182":0,"184":0,"185":0,"187":0,"188":0,"189":0,"190":0,"192":0,"193":0,"195":0,"196":0,"197":0,"198":0,"199":0,"200":0,"201":0,"202":0,"204":0,"205":0,"206":0,"210":0,"211":0,"212":0,"213":0,"215":0,"218":0,"219":0,"220":0,"221":0,"222":0,"223":0,"224":0,"225":0,"226":0,"227":0,"228":0,"229":0,"230":0,"231":0,"232":0,"233":0,"234":0,"235":0,"236":0,"238":0,"239":0,"241":0,"242":0,"243":0,"244":0,"245":0,"246":0,"248":0,"249":0,"251":0,"252":0,"253":0,"254":0,"255":0,"256":0,"257":0,"258":0,"259":0,"260":0,"261":0,"262":0,"263":0,"266":0,"267":0,"268":0,"269":0,"270":0,"272":0,"273":0,"274":0,"275":0,"276":0,"277":0,"278":0,"279":0,"280":0,"281":0,"282":0,"283":0,"284":0,"285":0,"286":0,"287":0,"288":0,"289":0,"290":0,"291":0,"292":0,"293":0,"295":0,"296":0,"297":0,"298":0,"299":0,"301":0,"302":0,"303":0,"304":0,"305":0,"307":0,"308":0,"309":0,"311":0,"313":0,"314":0,"315":0,"317":0,"319":0,"321":0},"branchMap":{"0":{"type":"branch","line":1,"loc":{"start":{"line":1,"column":9690},"end":{"line":322,"column":27}},"locations":[{"start":{"line":1,"column":9690},"end":{"line":322,"column":27}}]}},"b":{"0":[0]},"fnMap":{"0":{"name":"(empty-report)","decl":{"start":{"line":1,"column":9690},"end":{"line":322,"column":27}},"loc":{"start":{"line":1,"column":9690},"end":{"line":322,"column":27}},"line":1}},"f":{"0":0}}
,"C:\\Users\\lucas\\E-Dentrogram-Frontend-TIP-UNQ\\src\\components\\Diente\\Diente.jsx": {"path":"C:\\Users\\lucas\\E-Dentrogram-Frontend-TIP-UNQ\\src\\components\\Diente\\Diente.jsx","all":false,"statementMap":{"0":{"start":{"line":1,"column":0},"end":{"line":1,"column":43}},"1":{"start":{"line":2,"column":0},"end":{"line":2,"column":21}},"2":{"start":{"line":3,"column":0},"end":{"line":3,"column":40}},"3":{"start":{"line":4,"column":0},"end":{"line":4,"column":34}},"5":{"start":{"line":6,"column":0},"end":{"line":6,"column":23}},"7":{"start":{"line":8,"column":0},"end":{"line":8,"column":53}},"8":{"start":{"line":9,"column":0},"end":{"line":9,"column":44}},"9":{"start":{"line":10,"column":0},"end":{"line":10,"column":21}},"10":{"start":{"line":11,"column":0},"end":{"line":11,"column":23}},"11":{"start":{"line":12,"column":0},"end":{"line":12,"column":25}},"12":{"start":{"line":13,"column":0},"end":{"line":13,"column":24}},"13":{"start":{"line":14,"column":0},"end":{"line":14,"column":23}},"14":{"start":{"line":15,"column":0},"end":{"line":15,"column":26}},"15":{"start":{"line":16,"column":0},"end":{"line":16,"column":6}},"16":{"start":{"line":17,"column":0},"end":{"line":17,"column":52}},"19":{"start":{"line":20,"column":0},"end":{"line":20,"column":38}},"20":{"start":{"line":21,"column":0},"end":{"line":21,"column":40}},"21":{"start":{"line":22,"column":0},"end":{"line":22,"column":24}},"23":{"start":{"line":24,"column":0},"end":{"line":24,"column":42}},"25":{"start":{"line":26,"column":0},"end":{"line":26,"column":25}},"26":{"start":{"line":27,"column":0},"end":{"line":27,"column":5}},"29":{"start":{"line":30,"column":0},"end":{"line":30,"column":40}},"30":{"start":{"line":31,"column":0},"end":{"line":31,"column":42}},"32":{"start":{"line":33,"column":0},"end":{"line":33,"column":43}},"33":{"start":{"line":34,"column":0},"end":{"line":34,"column":37}},"35":{"start":{"line":36,"column":0},"end":{"line":36,"column":155}},"37":{"start":{"line":38,"column":0},"end":{"line":38,"column":5}},"40":{"start":{"line":41,"column":0},"end":{"line":41,"column":21}},"41":{"start":{"line":42,"column":0},"end":{"line":42,"column":25}},"42":{"start":{"line":43,"column":0},"end":{"line":43,"column":35}},"43":{"start":{"line":44,"column":0},"end":{"line":44,"column":52}},"45":{"start":{"line":46,"column":0},"end":{"line":46,"column":47}},"46":{"start":{"line":47,"column":0},"end":{"line":47,"column":9}},"47":{"start":{"line":48,"column":0},"end":{"line":48,"column":10}},"49":{"start":{"line":50,"column":0},"end":{"line":50,"column":11}},"50":{"start":{"line":51,"column":0},"end":{"line":51,"column":6}},"51":{"start":{"line":52,"column":0},"end":{"line":52,"column":79}},"52":{"start":{"line":53,"column":0},"end":{"line":53,"column":33}},"53":{"start":{"line":54,"column":0},"end":{"line":54,"column":42}},"55":{"start":{"line":56,"column":0},"end":{"line":56,"column":20}},"56":{"start":{"line":57,"column":0},"end":{"line":57,"column":16}},"57":{"start":{"line":58,"column":0},"end":{"line":58,"column":27}},"58":{"start":{"line":59,"column":0},"end":{"line":59,"column":44}},"60":{"start":{"line":61,"column":0},"end":{"line":61,"column":24}},"61":{"start":{"line":62,"column":0},"end":{"line":62,"column":18}},"62":{"start":{"line":63,"column":0},"end":{"line":63,"column":28}},"63":{"start":{"line":64,"column":0},"end":{"line":64,"column":46}},"65":{"start":{"line":66,"column":0},"end":{"line":66,"column":20}},"66":{"start":{"line":67,"column":0},"end":{"line":67,"column":16}},"67":{"start":{"line":68,"column":0},"end":{"line":68,"column":27}},"68":{"start":{"line":69,"column":0},"end":{"line":69,"column":46}},"70":{"start":{"line":71,"column":0},"end":{"line":71,"column":20}},"71":{"start":{"line":72,"column":0},"end":{"line":72,"column":16}},"72":{"start":{"line":73,"column":0},"end":{"line":73,"column":29}},"73":{"start":{"line":74,"column":0},"end":{"line":74,"column":45}},"75":{"start":{"line":76,"column":0},"end":{"line":76,"column":23}},"76":{"start":{"line":77,"column":0},"end":{"line":77,"column":17}},"78":{"start":{"line":79,"column":0},"end":{"line":79,"column":30}},"80":{"start":{"line":81,"column":0},"end":{"line":81,"column":14}},"83":{"start":{"line":84,"column":0},"end":{"line":84,"column":26}},"84":{"start":{"line":85,"column":0},"end":{"line":85,"column":44}},"85":{"start":{"line":86,"column":0},"end":{"line":86,"column":43}},"86":{"start":{"line":87,"column":0},"end":{"line":87,"column":24}},"87":{"start":{"line":88,"column":0},"end":{"line":88,"column":31}},"88":{"start":{"line":89,"column":0},"end":{"line":89,"column":57}},"89":{"start":{"line":90,"column":0},"end":{"line":90,"column":36}},"90":{"start":{"line":91,"column":0},"end":{"line":91,"column":10}},"93":{"start":{"line":94,"column":0},"end":{"line":94,"column":7}},"95":{"start":{"line":96,"column":0},"end":{"line":96,"column":1}},"97":{"start":{"line":98,"column":0},"end":{"line":98,"column":21}}},"s":{"0":1,"1":1,"2":1,"3":1,"5":87,"7":87,"8":87,"9":87,"10":87,"11":87,"12":87,"13":87,"14":87,"15":87,"16":87,"19":87,"20":3,"21":3,"23":3,"25":3,"26":3,"29":87,"30":13,"32":13,"33":13,"35":13,"37":13,"40":87,"41":69,"42":10,"43":10,"45":10,"46":10,"47":87,"49":87,"50":87,"51":87,"52":87,"53":87,"55":87,"56":87,"57":87,"58":87,"60":87,"61":87,"62":87,"63":87,"65":87,"66":87,"67":87,"68":87,"70":87,"71":87,"72":87,"73":87,"75":87,"76":87,"78":87,"80":87,"83":87,"84":63,"85":63,"86":63,"87":63,"88":63,"89":63,"90":63,"93":87,"95":87,"97":1},"branchMap":{"0":{"type":"branch","line":6,"loc":{"start":{"line":6,"column":0},"end":{"line":96,"column":1}},"locations":[{"start":{"line":6,"column":0},"end":{"line":96,"column":1}}]},"1":{"type":"branch","line":84,"loc":{"start":{"line":84,"column":15},"end":{"line":91,"column":10}},"locations":[{"start":{"line":84,"column":15},"end":{"line":91,"column":10}}]},"2":{"type":"branch","line":20,"loc":{"start":{"line":20,"column":26},"end":{"line":27,"column":5}},"locations":[{"start":{"line":20,"column":26},"end":{"line":27,"column":5}}]},"3":{"type":"branch","line":30,"loc":{"start":{"line":30,"column":26},"end":{"line":38,"column":5}},"locations":[{"start":{"line":30,"column":26},"end":{"line":38,"column":5}}]},"4":{"type":"branch","line":36,"loc":{"start":{"line":36,"column":57},"end":{"line":36,"column":135}},"locations":[{"start":{"line":36,"column":57},"end":{"line":36,"column":135}}]},"5":{"type":"branch","line":36,"loc":{"start":{"line":36,"column":131},"end":{"line":36,"column":148}},"locations":[{"start":{"line":36,"column":131},"end":{"line":36,"column":148}}]},"6":{"type":"branch","line":36,"loc":{"start":{"line":36,"column":135},"end":{"line":36,"column":155}},"locations":[{"start":{"line":36,"column":135},"end":{"line":36,"column":155}}]},"7":{"type":"branch","line":36,"loc":{"start":{"line":36,"column":28},"end":{"line":36,"column":57}},"locations":[{"start":{"line":36,"column":28},"end":{"line":36,"column":57}}]},"8":{"type":"branch","line":41,"loc":{"start":{"line":41,"column":14},"end":{"line":48,"column":6}},"locations":[{"start":{"line":41,"column":14},"end":{"line":48,"column":6}}]},"9":{"type":"branch","line":42,"loc":{"start":{"line":42,"column":24},"end":{"line":47,"column":9}},"locations":[{"start":{"line":42,"column":24},"end":{"line":47,"column":9}}]},"10":{"type":"branch","line":52,"loc":{"start":{"line":52,"column":48},"end":{"line":52,"column":79}},"locations":[{"start":{"line":52,"column":48},"end":{"line":52,"column":79}}]}},"b":{"0":[87],"1":[63],"2":[3],"3":[13],"4":[8],"5":[5],"6":[8],"7":[50],"8":[69],"9":[10],"10":[5]},"fnMap":{"0":{"name":"Diente","decl":{"start":{"line":6,"column":0},"end":{"line":96,"column":1}},"loc":{"start":{"line":6,"column":0},"end":{"line":96,"column":1}},"line":6},"1":{"name":"handleConfirm","decl":{"start":{"line":20,"column":26},"end":{"line":27,"column":5}},"loc":{"start":{"line":20,"column":26},"end":{"line":27,"column":5}},"line":20},"2":{"name":"getUpperState","decl":{"start":{"line":30,"column":26},"end":{"line":38,"column":5}},"loc":{"start":{"line":30,"column":26},"end":{"line":38,"column":5}},"line":30},"3":{"name":"onClick","decl":{"start":{"line":52,"column":48},"end":{"line":52,"column":79}},"loc":{"start":{"line":52,"column":48},"end":{"line":52,"column":79}},"line":52},"4":{"name":"onClose","decl":{"start":{"line":86,"column":17},"end":{"line":86,"column":43}},"loc":{"start":{"line":86,"column":17},"end":{"line":86,"column":43}},"line":86}},"f":{"0":87,"1":3,"2":13,"3":5,"4":0}}
,"C:\\Users\\lucas\\E-Dentrogram-Frontend-TIP-UNQ\\src\\components\\Diente\\DienteEstado.jsx": {"path":"C:\\Users\\lucas\\E-Dentrogram-Frontend-TIP-UNQ\\src\\components\\Diente\\DienteEstado.jsx","all":false,"statementMap":{"0":{"start":{"line":1,"column":0},"end":{"line":1,"column":32}},"1":{"start":{"line":2,"column":0},"end":{"line":2,"column":37}},"3":{"start":{"line":4,"column":0},"end":{"line":4,"column":24}},"7":{"start":{"line":8,"column":0},"end":{"line":8,"column":11}},"8":{"start":{"line":9,"column":0},"end":{"line":9,"column":92}},"9":{"start":{"line":10,"column":0},"end":{"line":10,"column":93}},"10":{"start":{"line":11,"column":0},"end":{"line":11,"column":67}},"11":{"start":{"line":12,"column":0},"end":{"line":12,"column":15}},"12":{"start":{"line":13,"column":0},"end":{"line":13,"column":19}},"13":{"start":{"line":14,"column":0},"end":{"line":14,"column":19}},"14":{"start":{"line":15,"column":0},"end":{"line":15,"column":137}},"17":{"start":{"line":18,"column":0},"end":{"line":18,"column":73}},"18":{"start":{"line":19,"column":0},"end":{"line":19,"column":97}},"22":{"start":{"line":23,"column":0},"end":{"line":23,"column":76}},"23":{"start":{"line":24,"column":0},"end":{"line":24,"column":133}},"25":{"start":{"line":26,"column":0},"end":{"line":26,"column":120}},"26":{"start":{"line":27,"column":0},"end":{"line":27,"column":131}},"28":{"start":{"line":29,"column":0},"end":{"line":29,"column":58}},"29":{"start":{"line":30,"column":0},"end":{"line":30,"column":20}},"30":{"start":{"line":31,"column":0},"end":{"line":31,"column":20}},"31":{"start":{"line":32,"column":0},"end":{"line":32,"column":16}},"32":{"start":{"line":33,"column":0},"end":{"line":33,"column":18}},"35":{"start":{"line":36,"column":0},"end":{"line":36,"column":1}},"39":{"start":{"line":40,"column":0},"end":{"line":40,"column":62}},"41":{"start":{"line":42,"column":0},"end":{"line":42,"column":59}},"43":{"start":{"line":44,"column":0},"end":{"line":44,"column":11}},"44":{"start":{"line":45,"column":0},"end":{"line":45,"column":44}},"45":{"start":{"line":46,"column":0},"end":{"line":46,"column":31}},"47":{"start":{"line":48,"column":0},"end":{"line":48,"column":27}},"49":{"start":{"line":50,"column":0},"end":{"line":50,"column":50}},"50":{"start":{"line":51,"column":0},"end":{"line":51,"column":64}},"51":{"start":{"line":52,"column":0},"end":{"line":52,"column":42}},"52":{"start":{"line":53,"column":0},"end":{"line":53,"column":42}},"54":{"start":{"line":55,"column":0},"end":{"line":55,"column":39}},"56":{"start":{"line":57,"column":0},"end":{"line":57,"column":35}},"57":{"start":{"line":58,"column":0},"end":{"line":58,"column":14}},"59":{"start":{"line":60,"column":0},"end":{"line":60,"column":14}},"63":{"start":{"line":64,"column":0},"end":{"line":64,"column":1}},"65":{"start":{"line":66,"column":0},"end":{"line":66,"column":27}}},"s":{"0":1,"1":1,"3":186,"7":186,"8":186,"9":186,"10":186,"11":186,"12":186,"13":186,"14":186,"17":186,"18":186,"22":186,"23":186,"25":186,"26":186,"28":186,"29":186,"30":186,"31":186,"32":186,"35":186,"39":186,"41":186,"43":186,"44":186,"45":186,"47":186,"49":186,"50":186,"51":186,"52":186,"54":186,"56":186,"57":186,"59":186,"63":186,"65":1},"branchMap":{"0":{"type":"branch","line":4,"loc":{"start":{"line":4,"column":0},"end":{"line":36,"column":1}},"locations":[{"start":{"line":4,"column":0},"end":{"line":36,"column":1}}]},"1":{"type":"branch","line":40,"loc":{"start":{"line":40,"column":0},"end":{"line":64,"column":1}},"locations":[{"start":{"line":40,"column":0},"end":{"line":64,"column":1}}]},"2":{"type":"branch","line":42,"loc":{"start":{"line":42,"column":39},"end":{"line":42,"column":58}},"locations":[{"start":{"line":42,"column":39},"end":{"line":42,"column":58}}]},"3":{"type":"branch","line":50,"loc":{"start":{"line":50,"column":26},"end":{"line":50,"column":50}},"locations":[{"start":{"line":50,"column":26},"end":{"line":50,"column":50}}]},"4":{"type":"branch","line":52,"loc":{"start":{"line":52,"column":21},"end":{"line":52,"column":42}},"locations":[{"start":{"line":52,"column":21},"end":{"line":52,"column":42}}]}},"b":{"0":[186],"1":[186],"2":[163],"3":[2],"4":[2]},"fnMap":{"0":{"name":"Tooth","decl":{"start":{"line":4,"column":0},"end":{"line":36,"column":1}},"loc":{"start":{"line":4,"column":0},"end":{"line":36,"column":1}},"line":4},"1":{"name":"DienteEstado","decl":{"start":{"line":40,"column":0},"end":{"line":64,"column":1}},"loc":{"start":{"line":40,"column":0},"end":{"line":64,"column":1}},"line":40},"2":{"name":"onMouseEnter","decl":{"start":{"line":50,"column":26},"end":{"line":50,"column":50}},"loc":{"start":{"line":50,"column":26},"end":{"line":50,"column":50}},"line":50},"3":{"name":"onMouseLeave","decl":{"start":{"line":51,"column":26},"end":{"line":51,"column":64}},"loc":{"start":{"line":51,"column":26},"end":{"line":51,"column":64}},"line":51},"4":{"name":"onClick","decl":{"start":{"line":52,"column":21},"end":{"line":52,"column":42}},"loc":{"start":{"line":52,"column":21},"end":{"line":52,"column":42}},"line":52}},"f":{"0":186,"1":186,"2":2,"3":0,"4":2}}
,"C:\\Users\\lucas\\E-Dentrogram-Frontend-TIP-UNQ\\src\\components\\Diente\\DienteModal.jsx": {"path":"C:\\Users\\lucas\\E-Dentrogram-Frontend-TIP-UNQ\\src\\components\\Diente\\DienteModal.jsx","all":false,"statementMap":{"0":{"start":{"line":1,"column":0},"end":{"line":1,"column":27}},"1":{"start":{"line":2,"column":0},"end":{"line":2,"column":29}},"2":{"start":{"line":3,"column":0},"end":{"line":3,"column":43}},"3":{"start":{"line":4,"column":0},"end":{"line":4,"column":42}},"4":{"start":{"line":5,"column":0},"end":{"line":5,"column":36}},"5":{"start":{"line":6,"column":0},"end":{"line":6,"column":63}},"6":{"start":{"line":7,"column":0},"end":{"line":7,"column":42}},"7":{"start":{"line":8,"column":0},"end":{"line":8,"column":34}},"8":{"start":{"line":9,"column":0},"end":{"line":9,"column":49}},"10":{"start":{"line":11,"column":0},"end":{"line":11,"column":28}},"12":{"start":{"line":13,"column":0},"end":{"line":13,"column":53}},"13":{"start":{"line":14,"column":0},"end":{"line":14,"column":45}},"14":{"start":{"line":15,"column":0},"end":{"line":15,"column":45}},"15":{"start":{"line":16,"column":0},"end":{"line":16,"column":45}},"16":{"start":{"line":17,"column":0},"end":{"line":17,"column":49}},"17":{"start":{"line":18,"column":0},"end":{"line":18,"column":46}},"20":{"start":{"line":21,"column":0},"end":{"line":21,"column":51}},"21":{"start":{"line":22,"column":0},"end":{"line":22,"column":67}},"23":{"start":{"line":24,"column":0},"end":{"line":24,"column":52}},"25":{"start":{"line":26,"column":0},"end":{"line":26,"column":30}},"27":{"start":{"line":28,"column":0},"end":{"line":28,"column":121}},"30":{"start":{"line":31,"column":0},"end":{"line":31,"column":19}},"31":{"start":{"line":32,"column":0},"end":{"line":32,"column":39}},"32":{"start":{"line":33,"column":0},"end":{"line":33,"column":37}},"33":{"start":{"line":34,"column":0},"end":{"line":34,"column":39}},"34":{"start":{"line":35,"column":0},"end":{"line":35,"column":38}},"35":{"start":{"line":36,"column":0},"end":{"line":36,"column":39}},"36":{"start":{"line":37,"column":0},"end":{"line":37,"column":40}},"37":{"start":{"line":38,"column":0},"end":{"line":38,"column":47}},"38":{"start":{"line":39,"column":0},"end":{"line":39,"column":102}},"41":{"start":{"line":42,"column":0},"end":{"line":42,"column":33}},"42":{"start":{"line":43,"column":0},"end":{"line":43,"column":62}},"43":{"start":{"line":44,"column":0},"end":{"line":44,"column":54}},"44":{"start":{"line":45,"column":0},"end":{"line":45,"column":54}},"45":{"start":{"line":46,"column":0},"end":{"line":46,"column":54}},"46":{"start":{"line":47,"column":0},"end":{"line":47,"column":58}},"48":{"start":{"line":49,"column":0},"end":{"line":49,"column":5}},"50":{"start":{"line":51,"column":0},"end":{"line":51,"column":38}},"51":{"start":{"line":52,"column":0},"end":{"line":52,"column":132}},"52":{"start":{"line":53,"column":0},"end":{"line":53,"column":5}},"54":{"start":{"line":55,"column":0},"end":{"line":55,"column":36}},"55":{"start":{"line":56,"column":0},"end":{"line":56,"column":89}},"56":{"start":{"line":57,"column":0},"end":{"line":57,"column":5}},"58":{"start":{"line":59,"column":0},"end":{"line":59,"column":58}},"60":{"start":{"line":61,"column":0},"end":{"line":61,"column":40}},"61":{"start":{"line":62,"column":0},"end":{"line":62,"column":27}},"62":{"start":{"line":63,"column":0},"end":{"line":63,"column":38}},"63":{"start":{"line":64,"column":0},"end":{"line":64,"column":18}},"64":{"start":{"line":65,"column":0},"end":{"line":65,"column":9}},"66":{"start":{"line":67,"column":0},"end":{"line":67,"column":34}},"67":{"start":{"line":68,"column":0},"end":{"line":68,"column":27}},"68":{"start":{"line":69,"column":0},"end":{"line":69,"column":47}},"70":{"start":{"line":71,"column":0},"end":{"line":71,"column":47}},"72":{"start":{"line":73,"column":0},"end":{"line":73,"column":37}},"74":{"start":{"line":75,"column":0},"end":{"line":75,"column":9}},"76":{"start":{"line":77,"column":0},"end":{"line":77,"column":5}},"78":{"start":{"line":79,"column":0},"end":{"line":79,"column":46}},"81":{"start":{"line":82,"column":0},"end":{"line":82,"column":35}},"83":{"start":{"line":84,"column":0},"end":{"line":84,"column":49}},"84":{"start":{"line":85,"column":0},"end":{"line":85,"column":45}},"85":{"start":{"line":86,"column":0},"end":{"line":86,"column":9}},"86":{"start":{"line":87,"column":0},"end":{"line":87,"column":13}},"87":{"start":{"line":88,"column":0},"end":{"line":88,"column":45}},"88":{"start":{"line":89,"column":0},"end":{"line":89,"column":9}},"90":{"start":{"line":91,"column":0},"end":{"line":91,"column":5}},"93":{"start":{"line":94,"column":0},"end":{"line":94,"column":44}},"95":{"start":{"line":96,"column":0},"end":{"line":96,"column":24}},"97":{"start":{"line":98,"column":0},"end":{"line":98,"column":25}},"98":{"start":{"line":99,"column":0},"end":{"line":99,"column":34}},"100":{"start":{"line":101,"column":0},"end":{"line":101,"column":32}},"101":{"start":{"line":102,"column":0},"end":{"line":102,"column":32}},"102":{"start":{"line":103,"column":0},"end":{"line":103,"column":28}},"103":{"start":{"line":104,"column":0},"end":{"line":104,"column":28}},"104":{"start":{"line":105,"column":0},"end":{"line":105,"column":28}},"105":{"start":{"line":106,"column":0},"end":{"line":106,"column":30}},"107":{"start":{"line":108,"column":0},"end":{"line":108,"column":29}},"109":{"start":{"line":110,"column":0},"end":{"line":110,"column":5}},"111":{"start":{"line":112,"column":0},"end":{"line":112,"column":46}},"112":{"start":{"line":113,"column":0},"end":{"line":113,"column":24}},"113":{"start":{"line":114,"column":0},"end":{"line":114,"column":34}},"115":{"start":{"line":116,"column":0},"end":{"line":116,"column":28}},"117":{"start":{"line":118,"column":0},"end":{"line":118,"column":35}},"118":{"start":{"line":119,"column":0},"end":{"line":119,"column":46}},"119":{"start":{"line":120,"column":0},"end":{"line":120,"column":39}},"120":{"start":{"line":121,"column":0},"end":{"line":121,"column":39}},"121":{"start":{"line":122,"column":0},"end":{"line":122,"column":39}},"122":{"start":{"line":123,"column":0},"end":{"line":123,"column":43}},"124":{"start":{"line":125,"column":0},"end":{"line":125,"column":31}},"125":{"start":{"line":126,"column":0},"end":{"line":126,"column":5}},"127":{"start":{"line":128,"column":0},"end":{"line":128,"column":33}},"129":{"start":{"line":130,"column":0},"end":{"line":130,"column":23}},"130":{"start":{"line":131,"column":0},"end":{"line":131,"column":34}},"132":{"start":{"line":133,"column":0},"end":{"line":133,"column":117}},"134":{"start":{"line":135,"column":0},"end":{"line":135,"column":30}},"135":{"start":{"line":136,"column":0},"end":{"line":136,"column":31}},"136":{"start":{"line":137,"column":0},"end":{"line":137,"column":59}},"137":{"start":{"line":138,"column":0},"end":{"line":138,"column":58}},"138":{"start":{"line":139,"column":0},"end":{"line":139,"column":59}},"139":{"start":{"line":140,"column":0},"end":{"line":140,"column":57}},"140":{"start":{"line":141,"column":0},"end":{"line":141,"column":59}},"141":{"start":{"line":142,"column":0},"end":{"line":142,"column":32}},"142":{"start":{"line":143,"column":0},"end":{"line":143,"column":13}},"145":{"start":{"line":146,"column":0},"end":{"line":146,"column":41}},"146":{"start":{"line":147,"column":0},"end":{"line":147,"column":27}},"147":{"start":{"line":148,"column":0},"end":{"line":148,"column":45}},"148":{"start":{"line":149,"column":0},"end":{"line":149,"column":31}},"149":{"start":{"line":150,"column":0},"end":{"line":150,"column":53}},"151":{"start":{"line":152,"column":0},"end":{"line":152,"column":14}},"152":{"start":{"line":153,"column":0},"end":{"line":153,"column":31}},"153":{"start":{"line":154,"column":0},"end":{"line":154,"column":51}},"155":{"start":{"line":156,"column":0},"end":{"line":156,"column":16}},"156":{"start":{"line":157,"column":0},"end":{"line":157,"column":15}},"158":{"start":{"line":159,"column":0},"end":{"line":159,"column":9}},"160":{"start":{"line":161,"column":0},"end":{"line":161,"column":5}},"162":{"start":{"line":163,"column":0},"end":{"line":163,"column":11}},"163":{"start":{"line":164,"column":0},"end":{"line":164,"column":64}},"164":{"start":{"line":165,"column":0},"end":{"line":165,"column":41}},"165":{"start":{"line":166,"column":0},"end":{"line":166,"column":127}},"166":{"start":{"line":167,"column":0},"end":{"line":167,"column":40}},"167":{"start":{"line":168,"column":0},"end":{"line":168,"column":44}},"168":{"start":{"line":169,"column":0},"end":{"line":169,"column":47}},"169":{"start":{"line":170,"column":0},"end":{"line":170,"column":113}},"171":{"start":{"line":172,"column":0},"end":{"line":172,"column":34}},"172":{"start":{"line":173,"column":0},"end":{"line":173,"column":30}},"173":{"start":{"line":174,"column":0},"end":{"line":174,"column":41}},"174":{"start":{"line":175,"column":0},"end":{"line":175,"column":101}},"176":{"start":{"line":177,"column":0},"end":{"line":177,"column":38}},"177":{"start":{"line":178,"column":0},"end":{"line":178,"column":34}},"178":{"start":{"line":179,"column":0},"end":{"line":179,"column":42}},"179":{"start":{"line":180,"column":0},"end":{"line":180,"column":101}},"181":{"start":{"line":182,"column":0},"end":{"line":182,"column":34}},"182":{"start":{"line":183,"column":0},"end":{"line":183,"column":30}},"183":{"start":{"line":184,"column":0},"end":{"line":184,"column":41}},"184":{"start":{"line":185,"column":0},"end":{"line":185,"column":101}},"186":{"start":{"line":187,"column":0},"end":{"line":187,"column":34}},"187":{"start":{"line":188,"column":0},"end":{"line":188,"column":30}},"188":{"start":{"line":189,"column":0},"end":{"line":189,"column":43}},"189":{"start":{"line":190,"column":0},"end":{"line":190,"column":109}},"191":{"start":{"line":192,"column":0},"end":{"line":192,"column":37}},"192":{"start":{"line":193,"column":0},"end":{"line":193,"column":31}},"194":{"start":{"line":195,"column":0},"end":{"line":195,"column":44}},"196":{"start":{"line":197,"column":0},"end":{"line":197,"column":26}},"198":{"start":{"line":199,"column":0},"end":{"line":199,"column":50}},"199":{"start":{"line":200,"column":0},"end":{"line":200,"column":45}},"201":{"start":{"line":202,"column":0},"end":{"line":202,"column":90}},"202":{"start":{"line":203,"column":0},"end":{"line":203,"column":112}},"203":{"start":{"line":204,"column":0},"end":{"line":204,"column":129}},"205":{"start":{"line":206,"column":0},"end":{"line":206,"column":30}},"207":{"start":{"line":208,"column":0},"end":{"line":208,"column":48}},"208":{"start":{"line":209,"column":0},"end":{"line":209,"column":129}},"209":{"start":{"line":210,"column":0},"end":{"line":210,"column":134}},"210":{"start":{"line":211,"column":0},"end":{"line":211,"column":125}},"211":{"start":{"line":212,"column":0},"end":{"line":212,"column":167}},"212":{"start":{"line":213,"column":0},"end":{"line":213,"column":132}},"213":{"start":{"line":214,"column":0},"end":{"line":214,"column":144}},"214":{"start":{"line":215,"column":0},"end":{"line":215,"column":138}},"215":{"start":{"line":216,"column":0},"end":{"line":216,"column":199}},"216":{"start":{"line":217,"column":0},"end":{"line":217,"column":30}},"217":{"start":{"line":218,"column":0},"end":{"line":218,"column":35}},"220":{"start":{"line":221,"column":0},"end":{"line":221,"column":100}},"221":{"start":{"line":222,"column":0},"end":{"line":222,"column":30}},"224":{"start":{"line":225,"column":0},"end":{"line":225,"column":22}},"226":{"start":{"line":227,"column":0},"end":{"line":227,"column":18}},"230":{"start":{"line":231,"column":0},"end":{"line":231,"column":16}},"232":{"start":{"line":233,"column":0},"end":{"line":233,"column":1}},"234":{"start":{"line":235,"column":0},"end":{"line":235,"column":26}}},"s":{"0":1,"1":1,"2":1,"3":1,"4":1,"5":1,"6":1,"7":1,"8":1,"10":138,"12":138,"13":138,"14":138,"15":138,"16":138,"17":138,"20":138,"21":138,"23":138,"25":138,"27":138,"30":138,"31":63,"32":63,"33":63,"34":63,"35":63,"36":63,"37":63,"38":138,"41":138,"42":7,"43":7,"44":7,"45":7,"46":7,"48":7,"50":138,"51":2,"52":2,"54":138,"55":5,"56":5,"58":138,"60":2,"61":0,"62":0,"63":0,"64":0,"66":2,"67":2,"68":2,"70":2,"72":2,"74":2,"76":2,"78":138,"81":1,"83":1,"84":0,"85":0,"86":1,"87":1,"88":1,"90":1,"93":138,"95":1,"97":1,"98":1,"100":1,"101":1,"102":1,"103":1,"104":1,"105":1,"107":1,"109":1,"111":138,"112":1,"113":1,"115":1,"117":1,"118":1,"119":1,"120":1,"121":1,"122":1,"124":1,"125":1,"127":138,"129":3,"130":3,"132":3,"134":3,"135":3,"136":3,"137":3,"138":3,"139":3,"140":3,"141":3,"142":3,"145":3,"146":3,"147":3,"148":3,"149":3,"151":3,"152":3,"153":3,"155":3,"156":3,"158":0,"160":3,"162":138,"163":138,"164":138,"165":138,"166":138,"167":138,"168":138,"169":138,"171":138,"172":138,"173":138,"174":138,"176":138,"177":138,"178":138,"179":138,"181":138,"182":138,"183":138,"184":138,"186":138,"187":138,"188":138,"189":138,"191":138,"192":138,"194":138,"196":138,"198":138,"199":138,"201":2,"202":2,"203":2,"205":2,"207":138,"208":138,"209":138,"210":138,"211":138,"212":138,"213":138,"214":138,"215":138,"216":138,"217":138,"220":138,"221":138,"224":138,"226":138,"230":138,"232":138,"234":1},"branchMap":{"0":{"type":"branch","line":11,"loc":{"start":{"line":11,"column":0},"end":{"line":233,"column":1}},"locations":[{"start":{"line":11,"column":0},"end":{"line":233,"column":1}}]},"1":{"type":"branch","line":28,"loc":{"start":{"line":28,"column":35},"end":{"line":28,"column":78}},"locations":[{"start":{"line":28,"column":35},"end":{"line":28,"column":78}}]},"2":{"type":"branch","line":28,"loc":{"start":{"line":28,"column":73},"end":{"line":28,"column":121}},"locations":[{"start":{"line":28,"column":73},"end":{"line":28,"column":121}}]},"3":{"type":"branch","line":200,"loc":{"start":{"line":200,"column":25},"end":{"line":206,"column":30}},"locations":[{"start":{"line":200,"column":25},"end":{"line":206,"column":30}}]},"4":{"type":"branch","line":31,"loc":{"start":{"line":31,"column":14},"end":{"line":39,"column":6}},"locations":[{"start":{"line":31,"column":14},"end":{"line":39,"column":6}}]},"5":{"type":"branch","line":42,"loc":{"start":{"line":42,"column":26},"end":{"line":49,"column":5}},"locations":[{"start":{"line":42,"column":26},"end":{"line":49,"column":5}}]},"6":{"type":"branch","line":51,"loc":{"start":{"line":51,"column":26},"end":{"line":53,"column":5}},"locations":[{"start":{"line":51,"column":26},"end":{"line":53,"column":5}}]},"7":{"type":"branch","line":52,"loc":{"start":{"line":52,"column":39},"end":{"line":52,"column":72}},"locations":[{"start":{"line":52,"column":39},"end":{"line":52,"column":72}}]},"8":{"type":"branch","line":52,"loc":{"start":{"line":52,"column":67},"end":{"line":52,"column":105}},"locations":[{"start":{"line":52,"column":67},"end":{"line":52,"column":105}}]},"9":{"type":"branch","line":52,"loc":{"start":{"line":52,"column":100},"end":{"line":52,"column":132}},"locations":[{"start":{"line":52,"column":100},"end":{"line":52,"column":132}}]},"10":{"type":"branch","line":55,"loc":{"start":{"line":55,"column":24},"end":{"line":57,"column":5}},"locations":[{"start":{"line":55,"column":24},"end":{"line":57,"column":5}}]},"11":{"type":"branch","line":56,"loc":{"start":{"line":56,"column":70},"end":{"line":56,"column":89}},"locations":[{"start":{"line":56,"column":70},"end":{"line":56,"column":89}}]},"12":{"type":"branch","line":59,"loc":{"start":{"line":59,"column":25},"end":{"line":77,"column":5}},"locations":[{"start":{"line":59,"column":25},"end":{"line":77,"column":5}}]},"13":{"type":"branch","line":61,"loc":{"start":{"line":61,"column":39},"end":{"line":65,"column":9}},"locations":[{"start":{"line":61,"column":39},"end":{"line":65,"column":9}}]},"14":{"type":"branch","line":79,"loc":{"start":{"line":79,"column":29},"end":{"line":91,"column":5}},"locations":[{"start":{"line":79,"column":29},"end":{"line":91,"column":5}}]},"15":{"type":"branch","line":84,"loc":{"start":{"line":84,"column":48},"end":{"line":86,"column":9}},"locations":[{"start":{"line":84,"column":48},"end":{"line":86,"column":9}}]},"16":{"type":"branch","line":94,"loc":{"start":{"line":94,"column":29},"end":{"line":110,"column":5}},"locations":[{"start":{"line":94,"column":29},"end":{"line":110,"column":5}}]},"17":{"type":"branch","line":112,"loc":{"start":{"line":112,"column":31},"end":{"line":126,"column":5}},"locations":[{"start":{"line":112,"column":31},"end":{"line":126,"column":5}}]},"18":{"type":"branch","line":128,"loc":{"start":{"line":128,"column":26},"end":{"line":161,"column":5}},"locations":[{"start":{"line":128,"column":26},"end":{"line":161,"column":5}}]},"19":{"type":"branch","line":133,"loc":{"start":{"line":133,"column":90},"end":{"line":133,"column":116}},"locations":[{"start":{"line":133,"column":90},"end":{"line":133,"column":116}}]},"20":{"type":"branch","line":157,"loc":{"start":{"line":157,"column":8},"end":{"line":159,"column":9}},"locations":[{"start":{"line":157,"column":8},"end":{"line":159,"column":9}}]},"21":{"type":"branch","line":133,"loc":{"start":{"line":133,"column":64},"end":{"line":133,"column":90}},"locations":[{"start":{"line":133,"column":64},"end":{"line":133,"column":90}}]},"22":{"type":"branch","line":147,"loc":{"start":{"line":147,"column":18},"end":{"line":152,"column":13}},"locations":[{"start":{"line":147,"column":18},"end":{"line":152,"column":13}}]},"23":{"type":"branch","line":153,"loc":{"start":{"line":153,"column":19},"end":{"line":156,"column":15}},"locations":[{"start":{"line":153,"column":19},"end":{"line":156,"column":15}}]},"24":{"type":"branch","line":170,"loc":{"start":{"line":170,"column":65},"end":{"line":170,"column":113}},"locations":[{"start":{"line":170,"column":65},"end":{"line":170,"column":113}}]},"25":{"type":"branch","line":203,"loc":{"start":{"line":203,"column":64},"end":{"line":203,"column":98}},"locations":[{"start":{"line":203,"column":64},"end":{"line":203,"column":98}}]},"26":{"type":"branch","line":211,"loc":{"start":{"line":211,"column":89},"end":{"line":211,"column":123}},"locations":[{"start":{"line":211,"column":89},"end":{"line":211,"column":123}}]},"27":{"type":"branch","line":215,"loc":{"start":{"line":215,"column":94},"end":{"line":215,"column":136}},"locations":[{"start":{"line":215,"column":94},"end":{"line":215,"column":136}}]},"28":{"type":"branch","line":221,"loc":{"start":{"line":221,"column":60},"end":{"line":221,"column":82}},"locations":[{"start":{"line":221,"column":60},"end":{"line":221,"column":82}}]}},"b":{"0":[138],"1":[98],"2":[40],"3":[2],"4":[63],"5":[7],"6":[2],"7":[1],"8":[1],"9":[0],"10":[5],"11":[0],"12":[2],"13":[0],"14":[1],"15":[0],"16":[1],"17":[1],"18":[3],"19":[1],"20":[0],"21":[7],"22":[3],"23":[3],"24":[2],"25":[1],"26":[1],"27":[1],"28":[3]},"fnMap":{"0":{"name":"DienteModal","decl":{"start":{"line":11,"column":0},"end":{"line":233,"column":1}},"loc":{"start":{"line":11,"column":0},"end":{"line":233,"column":1}},"line":11},"1":{"name":"clearSelected","decl":{"start":{"line":42,"column":26},"end":{"line":49,"column":5}},"loc":{"start":{"line":42,"column":26},"end":{"line":49,"column":5}},"line":42},"2":{"name":"canBeSelected","decl":{"start":{"line":51,"column":26},"end":{"line":53,"column":5}},"loc":{"start":{"line":51,"column":26},"end":{"line":53,"column":5}},"line":51},"3":{"name":"stateChange","decl":{"start":{"line":55,"column":24},"end":{"line":57,"column":5}},"loc":{"start":{"line":55,"column":24},"end":{"line":57,"column":5}},"line":55},"4":{"name":"handleSelect","decl":{"start":{"line":59,"column":25},"end":{"line":77,"column":5}},"loc":{"start":{"line":59,"column":25},"end":{"line":77,"column":5}},"line":59},"5":{"name":"handlePrestacion","decl":{"start":{"line":79,"column":29},"end":{"line":91,"column":5}},"loc":{"start":{"line":79,"column":29},"end":{"line":91,"column":5}},"line":79},"6":{"name":"handleTotalState","decl":{"start":{"line":94,"column":29},"end":{"line":110,"column":5}},"loc":{"start":{"line":94,"column":29},"end":{"line":110,"column":5}},"line":94},"7":{"name":"handleSpecialState","decl":{"start":{"line":112,"column":31},"end":{"line":126,"column":5}},"loc":{"start":{"line":112,"column":31},"end":{"line":126,"column":5}},"line":112},"8":{"name":"handleConfirm","decl":{"start":{"line":128,"column":26},"end":{"line":161,"column":5}},"loc":{"start":{"line":128,"column":26},"end":{"line":161,"column":5}},"line":128},"9":{"name":"onClick","decl":{"start":{"line":170,"column":65},"end":{"line":170,"column":113}},"loc":{"start":{"line":170,"column":65},"end":{"line":170,"column":113}},"line":170},"10":{"name":"onClick","decl":{"start":{"line":175,"column":61},"end":{"line":175,"column":101}},"loc":{"start":{"line":175,"column":61},"end":{"line":175,"column":101}},"line":175},"11":{"name":"onClick","decl":{"start":{"line":180,"column":61},"end":{"line":180,"column":101}},"loc":{"start":{"line":180,"column":61},"end":{"line":180,"column":101}},"line":180},"12":{"name":"onClick","decl":{"start":{"line":185,"column":61},"end":{"line":185,"column":101}},"loc":{"start":{"line":185,"column":61},"end":{"line":185,"column":101}},"line":185},"13":{"name":"onClick","decl":{"start":{"line":190,"column":63},"end":{"line":190,"column":109}},"loc":{"start":{"line":190,"column":63},"end":{"line":190,"column":109}},"line":190},"14":{"name":"onClick","decl":{"start":{"line":203,"column":64},"end":{"line":203,"column":98}},"loc":{"start":{"line":203,"column":64},"end":{"line":203,"column":98}},"line":203},"15":{"name":"onClick","decl":{"start":{"line":204,"column":69},"end":{"line":204,"column":108}},"loc":{"start":{"line":204,"column":69},"end":{"line":204,"column":108}},"line":204},"16":{"name":"stateHandler","decl":{"start":{"line":209,"column":91},"end":{"line":209,"column":127}},"loc":{"start":{"line":209,"column":91},"end":{"line":209,"column":127}},"line":209},"17":{"name":"stateHandler","decl":{"start":{"line":210,"column":95},"end":{"line":210,"column":132}},"loc":{"start":{"line":210,"column":95},"end":{"line":210,"column":132}},"line":210},"18":{"name":"stateHandler","decl":{"start":{"line":211,"column":89},"end":{"line":211,"column":123}},"loc":{"start":{"line":211,"column":89},"end":{"line":211,"column":123}},"line":211},"19":{"name":"stateHandler","decl":{"start":{"line":212,"column":119},"end":{"line":212,"column":165}},"loc":{"start":{"line":212,"column":119},"end":{"line":212,"column":165}},"line":212},"20":{"name":"stateHandler","decl":{"start":{"line":213,"column":95},"end":{"line":213,"column":130}},"loc":{"start":{"line":213,"column":95},"end":{"line":213,"column":130}},"line":213},"21":{"name":"stateHandler","decl":{"start":{"line":214,"column":90},"end":{"line":214,"column":125}},"loc":{"start":{"line":214,"column":90},"end":{"line":214,"column":125}},"line":214},"22":{"name":"stateHandler","decl":{"start":{"line":215,"column":94},"end":{"line":215,"column":136}},"loc":{"start":{"line":215,"column":94},"end":{"line":215,"column":136}},"line":215},"23":{"name":"stateHandler","decl":{"start":{"line":216,"column":129},"end":{"line":216,"column":197}},"loc":{"start":{"line":216,"column":129},"end":{"line":216,"column":197}},"line":216},"24":{"name":"onClick","decl":{"start":{"line":221,"column":60},"end":{"line":221,"column":82}},"loc":{"start":{"line":221,"column":60},"end":{"line":221,"column":82}},"line":221}},"f":{"0":138,"1":7,"2":2,"3":5,"4":2,"5":1,"6":1,"7":1,"8":3,"9":2,"10":0,"11":0,"12":0,"13":0,"14":1,"15":0,"16":0,"17":0,"18":1,"19":0,"20":0,"21":0,"22":1,"23":0,"24":3}}
,"C:\\Users\\lucas\\E-Dentrogram-Frontend-TIP-UNQ\\src\\components\\Diente\\States.jsx": {"path":"C:\\Users\\lucas\\E-Dentrogram-Frontend-TIP-UNQ\\src\\components\\Diente\\States.jsx","all":false,"statementMap":{"0":{"start":{"line":1,"column":0},"end":{"line":1,"column":23}},"1":{"start":{"line":2,"column":0},"end":{"line":2,"column":125}},"2":{"start":{"line":3,"column":0},"end":{"line":3,"column":89}},"3":{"start":{"line":4,"column":0},"end":{"line":4,"column":89}},"4":{"start":{"line":5,"column":0},"end":{"line":5,"column":42}},"6":{"start":{"line":7,"column":0},"end":{"line":7,"column":149}},"7":{"start":{"line":8,"column":0},"end":{"line":8,"column":101}},"8":{"start":{"line":9,"column":0},"end":{"line":9,"column":101}},"9":{"start":{"line":10,"column":0},"end":{"line":10,"column":50}},"11":{"start":{"line":12,"column":0},"end":{"line":12,"column":141}},"12":{"start":{"line":13,"column":0},"end":{"line":13,"column":129}},"13":{"start":{"line":14,"column":0},"end":{"line":14,"column":93}},"14":{"start":{"line":15,"column":0},"end":{"line":15,"column":25}},"16":{"start":{"line":17,"column":0},"end":{"line":17,"column":134}},"17":{"start":{"line":18,"column":0},"end":{"line":18,"column":48}},"18":{"start":{"line":19,"column":0},"end":{"line":19,"column":200}},"19":{"start":{"line":20,"column":0},"end":{"line":20,"column":20}},"20":{"start":{"line":21,"column":0},"end":{"line":21,"column":48}},"21":{"start":{"line":22,"column":0},"end":{"line":22,"column":190}},"22":{"start":{"line":23,"column":0},"end":{"line":23,"column":20}},"23":{"start":{"line":24,"column":0},"end":{"line":24,"column":22}},"24":{"start":{"line":25,"column":0},"end":{"line":25,"column":159}},"25":{"start":{"line":26,"column":0},"end":{"line":26,"column":72}},"26":{"start":{"line":27,"column":0},"end":{"line":27,"column":133}},"27":{"start":{"line":28,"column":0},"end":{"line":28,"column":34}},"28":{"start":{"line":29,"column":0},"end":{"line":29,"column":50}},"29":{"start":{"line":30,"column":0},"end":{"line":30,"column":61}},"30":{"start":{"line":31,"column":0},"end":{"line":31,"column":98}},"31":{"start":{"line":32,"column":0},"end":{"line":32,"column":97}},"32":{"start":{"line":33,"column":0},"end":{"line":33,"column":103}},"33":{"start":{"line":34,"column":0},"end":{"line":34,"column":25}},"34":{"start":{"line":35,"column":0},"end":{"line":35,"column":164}},"35":{"start":{"line":36,"column":0},"end":{"line":36,"column":72}},"36":{"start":{"line":37,"column":0},"end":{"line":37,"column":133}},"37":{"start":{"line":38,"column":0},"end":{"line":38,"column":34}},"38":{"start":{"line":39,"column":0},"end":{"line":39,"column":50}},"39":{"start":{"line":40,"column":0},"end":{"line":40,"column":61}},"40":{"start":{"line":41,"column":0},"end":{"line":41,"column":98}},"41":{"start":{"line":42,"column":0},"end":{"line":42,"column":97}},"42":{"start":{"line":43,"column":0},"end":{"line":43,"column":103}},"43":{"start":{"line":44,"column":0},"end":{"line":44,"column":25}},"44":{"start":{"line":45,"column":0},"end":{"line":45,"column":23}},"45":{"start":{"line":46,"column":0},"end":{"line":46,"column":19}},"46":{"start":{"line":47,"column":0},"end":{"line":47,"column":60}},"47":{"start":{"line":48,"column":0},"end":{"line":48,"column":110}},"50":{"start":{"line":51,"column":0},"end":{"line":51,"column":1}}},"s":{"0":1,"1":1,"2":1,"3":1,"4":1,"6":1,"7":1,"8":1,"9":1,"11":1,"12":1,"13":1,"14":1,"16":1,"17":1,"18":1,"19":1,"20":1,"21":1,"22":1,"23":1,"24":1,"25":1,"26":1,"27":1,"28":1,"29":1,"30":1,"31":1,"32":1,"33":1,"34":1,"35":1,"36":1,"37":1,"38":1,"39":1,"40":1,"41":1,"42":1,"43":1,"44":1,"45":1,"46":1,"47":1,"50":1},"branchMap":{},"b":{},"fnMap":{},"f":{}}
,"C:\\Users\\lucas\\E-Dentrogram-Frontend-TIP-UNQ\\src\\components\\Historial\\Historial.jsx": {"path":"C:\\Users\\lucas\\E-Dentrogram-Frontend-TIP-UNQ\\src\\components\\Historial\\Historial.jsx","all":true,"statementMap":{"0":{"start":{"line":1,"column":0},"end":{"line":1,"column":43}},"1":{"start":{"line":2,"column":0},"end":{"line":2,"column":37}},"2":{"start":{"line":3,"column":0},"end":{"line":3,"column":24}},"3":{"start":{"line":4,"column":0},"end":{"line":4,"column":35}},"5":{"start":{"line":6,"column":0},"end":{"line":6,"column":46}},"6":{"start":{"line":7,"column":0},"end":{"line":7,"column":46}},"7":{"start":{"line":8,"column":0},"end":{"line":8,"column":39}},"8":{"start":{"line":9,"column":0},"end":{"line":9,"column":51}},"9":{"start":{"line":10,"column":0},"end":{"line":10,"column":49}},"11":{"start":{"line":12,"column":0},"end":{"line":12,"column":33}},"12":{"start":{"line":13,"column":0},"end":{"line":13,"column":67}},"14":{"start":{"line":15,"column":0},"end":{"line":15,"column":58}},"15":{"start":{"line":16,"column":0},"end":{"line":16,"column":23}},"16":{"start":{"line":17,"column":0},"end":{"line":17,"column":25}},"17":{"start":{"line":18,"column":0},"end":{"line":18,"column":24}},"18":{"start":{"line":19,"column":0},"end":{"line":19,"column":24}},"19":{"start":{"line":20,"column":0},"end":{"line":20,"column":25}},"20":{"start":{"line":21,"column":0},"end":{"line":21,"column":7}},"22":{"start":{"line":23,"column":0},"end":{"line":23,"column":26}},"23":{"start":{"line":24,"column":0},"end":{"line":24,"column":5}},"25":{"start":{"line":26,"column":0},"end":{"line":26,"column":38}},"26":{"start":{"line":27,"column":0},"end":{"line":27,"column":30}},"28":{"start":{"line":29,"column":0},"end":{"line":29,"column":50}},"29":{"start":{"line":30,"column":0},"end":{"line":30,"column":53}},"30":{"start":{"line":31,"column":0},"end":{"line":31,"column":41}},"31":{"start":{"line":32,"column":0},"end":{"line":32,"column":16}},"33":{"start":{"line":34,"column":0},"end":{"line":34,"column":50}},"34":{"start":{"line":35,"column":0},"end":{"line":35,"column":62}},"35":{"start":{"line":36,"column":0},"end":{"line":36,"column":83}},"36":{"start":{"line":37,"column":0},"end":{"line":37,"column":37}},"37":{"start":{"line":38,"column":0},"end":{"line":38,"column":3}},"38":{"start":{"line":39,"column":0},"end":{"line":39,"column":5}},"40":{"start":{"line":41,"column":0},"end":{"line":41,"column":23}},"42":{"start":{"line":43,"column":0},"end":{"line":43,"column":39}},"43":{"start":{"line":44,"column":0},"end":{"line":44,"column":20}},"45":{"start":{"line":46,"column":0},"end":{"line":46,"column":40}},"46":{"start":{"line":47,"column":0},"end":{"line":47,"column":24}},"47":{"start":{"line":48,"column":0},"end":{"line":48,"column":47}},"50":{"start":{"line":51,"column":0},"end":{"line":51,"column":31}},"51":{"start":{"line":52,"column":0},"end":{"line":52,"column":54}},"52":{"start":{"line":53,"column":0},"end":{"line":53,"column":31}},"54":{"start":{"line":55,"column":0},"end":{"line":55,"column":10}},"55":{"start":{"line":56,"column":0},"end":{"line":56,"column":27}},"56":{"start":{"line":57,"column":0},"end":{"line":57,"column":63}},"57":{"start":{"line":58,"column":0},"end":{"line":58,"column":26}},"58":{"start":{"line":59,"column":0},"end":{"line":59,"column":28}},"59":{"start":{"line":60,"column":0},"end":{"line":60,"column":10}},"60":{"start":{"line":61,"column":0},"end":{"line":61,"column":24}},"61":{"start":{"line":62,"column":0},"end":{"line":62,"column":29}},"62":{"start":{"line":63,"column":0},"end":{"line":63,"column":10}},"63":{"start":{"line":64,"column":0},"end":{"line":64,"column":1}},"66":{"start":{"line":67,"column":0},"end":{"line":67,"column":21}},"67":{"start":{"line":68,"column":0},"end":{"line":68,"column":13}},"68":{"start":{"line":69,"column":0},"end":{"line":69,"column":20}},"69":{"start":{"line":70,"column":0},"end":{"line":70,"column":5}},"70":{"start":{"line":71,"column":0},"end":{"line":71,"column":18}},"72":{"start":{"line":73,"column":0},"end":{"line":73,"column":38}},"73":{"start":{"line":74,"column":0},"end":{"line":74,"column":59}},"74":{"start":{"line":75,"column":0},"end":{"line":75,"column":26}},"75":{"start":{"line":76,"column":0},"end":{"line":76,"column":9}},"76":{"start":{"line":77,"column":0},"end":{"line":77,"column":5}},"78":{"start":{"line":79,"column":0},"end":{"line":79,"column":36}},"79":{"start":{"line":80,"column":0},"end":{"line":80,"column":26}},"80":{"start":{"line":81,"column":0},"end":{"line":81,"column":46}},"81":{"start":{"line":82,"column":0},"end":{"line":82,"column":25}},"82":{"start":{"line":83,"column":0},"end":{"line":83,"column":23}},"83":{"start":{"line":84,"column":0},"end":{"line":84,"column":27}},"84":{"start":{"line":85,"column":0},"end":{"line":85,"column":72}},"85":{"start":{"line":86,"column":0},"end":{"line":86,"column":54}},"87":{"start":{"line":88,"column":0},"end":{"line":88,"column":27}},"88":{"start":{"line":89,"column":0},"end":{"line":89,"column":25}},"89":{"start":{"line":90,"column":0},"end":{"line":90,"column":13}},"90":{"start":{"line":91,"column":0},"end":{"line":91,"column":9}},"92":{"start":{"line":93,"column":0},"end":{"line":93,"column":16}},"93":{"start":{"line":94,"column":0},"end":{"line":94,"column":40}},"94":{"start":{"line":95,"column":0},"end":{"line":95,"column":23}},"95":{"start":{"line":96,"column":0},"end":{"line":96,"column":39}},"96":{"start":{"line":97,"column":0},"end":{"line":97,"column":61}},"97":{"start":{"line":98,"column":0},"end":{"line":98,"column":41}},"98":{"start":{"line":99,"column":0},"end":{"line":99,"column":17}},"100":{"start":{"line":101,"column":0},"end":{"line":101,"column":25}},"101":{"start":{"line":102,"column":0},"end":{"line":102,"column":25}},"102":{"start":{"line":103,"column":0},"end":{"line":103,"column":23}},"103":{"start":{"line":104,"column":0},"end":{"line":104,"column":39}},"104":{"start":{"line":105,"column":0},"end":{"line":105,"column":61}},"105":{"start":{"line":106,"column":0},"end":{"line":106,"column":54}},"106":{"start":{"line":107,"column":0},"end":{"line":107,"column":17}},"108":{"start":{"line":109,"column":0},"end":{"line":109,"column":25}},"109":{"start":{"line":110,"column":0},"end":{"line":110,"column":18}},"111":{"start":{"line":112,"column":0},"end":{"line":112,"column":5}},"113":{"start":{"line":114,"column":0},"end":{"line":114,"column":12}},"114":{"start":{"line":115,"column":0},"end":{"line":115,"column":47}},"115":{"start":{"line":116,"column":0},"end":{"line":116,"column":45}},"
[...]
lumn":9}},"63":{"start":{"line":64,"column":0},"end":{"line":64,"column":43}},"64":{"start":{"line":65,"column":0},"end":{"line":65,"column":53}},"65":{"start":{"line":66,"column":0},"end":{"line":66,"column":16}},"66":{"start":{"line":67,"column":0},"end":{"line":67,"column":54}},"67":{"start":{"line":68,"column":0},"end":{"line":68,"column":9}},"69":{"start":{"line":70,"column":0},"end":{"line":70,"column":37}},"70":{"start":{"line":71,"column":0},"end":{"line":71,"column":56}},"71":{"start":{"line":72,"column":0},"end":{"line":72,"column":16}},"72":{"start":{"line":73,"column":0},"end":{"line":73,"column":57}},"73":{"start":{"line":74,"column":0},"end":{"line":74,"column":9}},"74":{"start":{"line":75,"column":0},"end":{"line":75,"column":6}},"76":{"start":{"line":77,"column":0},"end":{"line":77,"column":34}},"77":{"start":{"line":78,"column":0},"end":{"line":78,"column":43}},"78":{"start":{"line":79,"column":0},"end":{"line":79,"column":54}},"79":{"start":{"line":80,"column":0},"end":{"line":80,"column":5}},"82":{"start":{"line":83,"column":0},"end":{"line":83,"column":39}},"83":{"start":{"line":84,"column":0},"end":{"line":84,"column":15}},"84":{"start":{"line":85,"column":0},"end":{"line":85,"column":181}},"85":{"start":{"line":86,"column":0},"end":{"line":86,"column":254}},"86":{"start":{"line":87,"column":0},"end":{"line":87,"column":105}},"87":{"start":{"line":88,"column":0},"end":{"line":88,"column":14}},"90":{"start":{"line":91,"column":0},"end":{"line":91,"column":5}},"92":{"start":{"line":93,"column":0},"end":{"line":93,"column":39}},"93":{"start":{"line":94,"column":0},"end":{"line":94,"column":15}},"94":{"start":{"line":95,"column":0},"end":{"line":95,"column":185}},"95":{"start":{"line":96,"column":0},"end":{"line":96,"column":406}},"96":{"start":{"line":97,"column":0},"end":{"line":97,"column":18}},"99":{"start":{"line":100,"column":0},"end":{"line":100,"column":5}},"101":{"start":{"line":102,"column":0},"end":{"line":102,"column":35}},"102":{"start":{"line":103,"column":0},"end":{"line":103,"column":35}},"103":{"start":{"line":104,"column":0},"end":{"line":104,"column":26}},"104":{"start":{"line":105,"column":0},"end":{"line":105,"column":9}},"105":{"start":{"line":106,"column":0},"end":{"line":106,"column":7}},"107":{"start":{"line":108,"column":0},"end":{"line":108,"column":34}},"108":{"start":{"line":109,"column":0},"end":{"line":109,"column":22}},"109":{"start":{"line":110,"column":0},"end":{"line":110,"column":34}},"110":{"start":{"line":111,"column":0},"end":{"line":111,"column":34}},"111":{"start":{"line":112,"column":0},"end":{"line":112,"column":24}},"112":{"start":{"line":113,"column":0},"end":{"line":113,"column":10}},"113":{"start":{"line":114,"column":0},"end":{"line":114,"column":24}},"114":{"start":{"line":115,"column":0},"end":{"line":115,"column":62}},"116":{"start":{"line":117,"column":0},"end":{"line":117,"column":47}},"117":{"start":{"line":118,"column":0},"end":{"line":118,"column":49}},"119":{"start":{"line":120,"column":0},"end":{"line":120,"column":29}},"121":{"start":{"line":122,"column":0},"end":{"line":122,"column":10}},"122":{"start":{"line":123,"column":0},"end":{"line":123,"column":25}},"123":{"start":{"line":124,"column":0},"end":{"line":124,"column":48}},"124":{"start":{"line":125,"column":0},"end":{"line":125,"column":10}},"125":{"start":{"line":126,"column":0},"end":{"line":126,"column":5}},"127":{"start":{"line":128,"column":0},"end":{"line":128,"column":40}},"128":{"start":{"line":129,"column":0},"end":{"line":129,"column":61}},"130":{"start":{"line":131,"column":0},"end":{"line":131,"column":40}},"132":{"start":{"line":133,"column":0},"end":{"line":133,"column":44}},"133":{"start":{"line":134,"column":0},"end":{"line":134,"column":28}},"135":{"start":{"line":136,"column":0},"end":{"line":136,"column":64}},"136":{"start":{"line":137,"column":0},"end":{"line":137,"column":57}},"138":{"start":{"line":139,"column":0},"end":{"line":139,"column":30}},"140":{"start":{"line":141,"column":0},"end":{"line":141,"column":14}},"141":{"start":{"line":142,"column":0},"end":{"line":142,"column":31}},"142":{"start":{"line":143,"column":0},"end":{"line":143,"column":47}},"143":{"start":{"line":144,"column":0},"end":{"line":144,"column":15}},"144":{"start":{"line":145,"column":0},"end":{"line":145,"column":7}},"145":{"start":{"line":146,"column":0},"end":{"line":146,"column":5}},"147":{"start":{"line":148,"column":0},"end":{"line":148,"column":12}},"148":{"start":{"line":149,"column":0},"end":{"line":149,"column":48}},"149":{"start":{"line":150,"column":0},"end":{"line":150,"column":42}},"150":{"start":{"line":151,"column":0},"end":{"line":151,"column":70}},"155":{"start":{"line":156,"column":0},"end":{"line":156,"column":21}},"156":{"start":{"line":157,"column":0},"end":{"line":157,"column":41}},"157":{"start":{"line":158,"column":0},"end":{"line":158,"column":136}},"158":{"start":{"line":159,"column":0},"end":{"line":159,"column":22}},"159":{"start":{"line":160,"column":0},"end":{"line":160,"column":21}},"160":{"start":{"line":161,"column":0},"end":{"line":161,"column":38}},"161":{"start":{"line":162,"column":0},"end":{"line":162,"column":127}},"162":{"start":{"line":163,"column":0},"end":{"line":163,"column":22}},"163":{"start":{"line":164,"column":0},"end":{"line":164,"column":22}},"164":{"start":{"line":165,"column":0},"end":{"line":165,"column":43}},"165":{"start":{"line":166,"column":0},"end":{"line":166,"column":133}},"166":{"start":{"line":167,"column":0},"end":{"line":167,"column":26}},"167":{"start":{"line":168,"column":0},"end":{"line":168,"column":64}},"168":{"start":{"line":169,"column":0},"end":{"line":169,"column":50}},"169":{"start":{"line":170,"column":0},"end":{"line":170,"column":43}},"170":{"start":{"line":171,"column":0},"end":{"line":171,"column":65}},"171":{"start":{"line":172,"column":0},"end":{"line":172,"column":22}},"173":{"start":{"line":174,"column":0},"end":{"line":174,"column":22}},"175":{"start":{"line":176,"column":0},"end":{"line":176,"column":21}},"176":{"start":{"line":177,"column":0},"end":{"line":177,"column":37}},"177":{"start":{"line":178,"column":0},"end":{"line":178,"column":29}},"178":{"start":{"line":179,"column":0},"end":{"line":179,"column":57}},"179":{"start":{"line":180,"column":0},"end":{"line":180,"column":67}},"180":{"start":{"line":181,"column":0},"end":{"line":181,"column":40}},"181":{"start":{"line":182,"column":0},"end":{"line":182,"column":31}},"182":{"start":{"line":183,"column":0},"end":{"line":183,"column":22}},"183":{"start":{"line":184,"column":0},"end":{"line":184,"column":29}},"184":{"start":{"line":185,"column":0},"end":{"line":185,"column":103}},"185":{"start":{"line":186,"column":0},"end":{"line":186,"column":34}},"186":{"start":{"line":187,"column":0},"end":{"line":187,"column":26}},"187":{"start":{"line":188,"column":0},"end":{"line":188,"column":22}},"189":{"start":{"line":190,"column":0},"end":{"line":190,"column":48}},"190":{"start":{"line":191,"column":0},"end":{"line":191,"column":53}},"191":{"start":{"line":192,"column":0},"end":{"line":192,"column":133}},"192":{"start":{"line":193,"column":0},"end":{"line":193,"column":26}},"193":{"start":{"line":194,"column":0},"end":{"line":194,"column":33}},"194":{"start":{"line":195,"column":0},"end":{"line":195,"column":60}},"195":{"start":{"line":196,"column":0},"end":{"line":196,"column":38}},"196":{"start":{"line":197,"column":0},"end":{"line":197,"column":42}},"197":{"start":{"line":198,"column":0},"end":{"line":198,"column":54}},"198":{"start":{"line":199,"column":0},"end":{"line":199,"column":43}},"199":{"start":{"line":200,"column":0},"end":{"line":200,"column":22}},"200":{"start":{"line":201,"column":0},"end":{"line":201,"column":22}},"201":{"start":{"line":202,"column":0},"end":{"line":202,"column":21}},"202":{"start":{"line":203,"column":0},"end":{"line":203,"column":125}},"203":{"start":{"line":204,"column":0},"end":{"line":204,"column":22}},"204":{"start":{"line":205,"column":0},"end":{"line":205,"column":49}},"205":{"start":{"line":206,"column":0},"end":{"line":206,"column":50}},"206":{"start":{"line":207,"column":0},"end":{"line":207,"column":34}},"207":{"start":{"line":208,"column":0},"end":{"line":208,"column":52}},"208":{"start":{"line":209,"column":0},"end":{"line":209,"column":43}},"209":{"start":{"line":210,"column":0},"end":{"line":210,"column":39}},"211":{"start":{"line":212,"column":0},"end":{"line":212,"column":22}},"212":{"start":{"line":213,"column":0},"end":{"line":213,"column":43}},"213":{"start":{"line":214,"column":0},"end":{"line":214,"column":70}},"215":{"start":{"line":216,"column":0},"end":{"line":216,"column":18}},"217":{"start":{"line":218,"column":0},"end":{"line":218,"column":15}},"220":{"start":{"line":221,"column":0},"end":{"line":221,"column":1}},"222":{"start":{"line":223,"column":0},"end":{"line":223,"column":23}}},"s":{"0":0,"1":0,"2":0,"3":0,"4":0,"5":0,"6":0,"8":0,"10":0,"12":0,"13":0,"14":0,"15":0,"16":0,"17":0,"20":0,"21":0,"22":0,"23":0,"24":0,"25":0,"26":0,"27":0,"28":0,"30":0,"31":0,"33":0,"34":0,"37":0,"38":0,"39":0,"40":0,"41":0,"42":0,"43":0,"45":0,"46":0,"47":0,"48":0,"50":0,"51":0,"52":0,"53":0,"54":0,"55":0,"57":0,"58":0,"59":0,"60":0,"61":0,"63":0,"64":0,"65":0,"66":0,"67":0,"69":0,"70":0,"71":0,"72":0,"73":0,"74":0,"76":0,"77":0,"78":0,"79":0,"82":0,"83":0,"84":0,"85":0,"86":0,"87":0,"90":0,"92":0,"93":0,"94":0,"95":0,"96":0,"99":0,"101":0,"102":0,"103":0,"104":0,"105":0,"107":0,"108":0,"109":0,"110":0,"111":0,"112":0,"113":0,"114":0,"116":0,"117":0,"119":0,"121":0,"122":0,"123":0,"124":0,"125":0,"127":0,"128":0,"130":0,"132":0,"133":0,"135":0,"136":0,"138":0,"140":0,"141":0,"142":0,"143":0,"144":0,"145":0,"147":0,"148":0,"149":0,"150":0,"155":0,"156":0,"157":0,"158":0,"159":0,"160":0,"161":0,"162":0,"163":0,"164":0,"165":0,"166":0,"167":0,"168":0,"169":0,"170":0,"171":0,"173":0,"175":0,"176":0,"177":0,"178":0,"179":0,"180":0,"181":0,"182":0,"183":0,"184":0,"185":0,"186":0,"187":0,"189":0,"190":0,"191":0,"192":0,"193":0,"194":0,"195":0,"196":0,"197":0,"198":0,"199":0,"200":0,"201":0,"202":0,"203":0,"204":0,"205":0,"206":0,"207":0,"208":0,"209":0,"211":0,"212":0,"213":0,"215":0,"217":0,"220":0,"222":0},"branchMap":{"0":{"type":"branch","line":1,"loc":{"start":{"line":1,"column":8171},"end":{"line":223,"column":23}},"locations":[{"start":{"line":1,"column":8171},"end":{"line":223,"column":23}}]}},"b":{"0":[0]},"fnMap":{"0":{"name":"(empty-report)","decl":{"start":{"line":1,"column":8171},"end":{"line":223,"column":23}},"loc":{"start":{"line":1,"column":8171},"end":{"line":223,"column":23}},"line":1}},"f":{"0":0}}
,"C:\\Users\\lucas\\E-Dentrogram-Frontend-TIP-UNQ\\src\\service\\API.jsx": {"path":"C:\\Users\\lucas\\E-Dentrogram-Frontend-TIP-UNQ\\src\\service\\API.jsx","all":false,"statementMap":{"0":{"start":{"line":1,"column":0},"end":{"line":1,"column":26}},"2":{"start":{"line":3,"column":0},"end":{"line":3,"column":24}},"3":{"start":{"line":4,"column":0},"end":{"line":4,"column":46}},"4":{"start":{"line":5,"column":0},"end":{"line":5,"column":40}},"5":{"start":{"line":6,"column":0},"end":{"line":6,"column":2}},"7":{"start":{"line":8,"column":0},"end":{"line":8,"column":49}},"8":{"start":{"line":9,"column":0},"end":{"line":9,"column":31}},"9":{"start":{"line":10,"column":0},"end":{"line":10,"column":65}},"11":{"start":{"line":12,"column":0},"end":{"line":12,"column":39}},"12":{"start":{"line":13,"column":0},"end":{"line":13,"column":50}},"13":{"start":{"line":14,"column":0},"end":{"line":14,"column":71}},"14":{"start":{"line":15,"column":0},"end":{"line":15,"column":3}},"16":{"start":{"line":17,"column":0},"end":{"line":17,"column":14}},"17":{"start":{"line":18,"column":0},"end":{"line":18,"column":14}},"18":{"start":{"line":19,"column":0},"end":{"line":19,"column":16}},"19":{"start":{"line":20,"column":0},"end":{"line":20,"column":19}},"20":{"start":{"line":21,"column":0},"end":{"line":21,"column":17}},"21":{"start":{"line":22,"column":0},"end":{"line":22,"column":16}},"22":{"start":{"line":23,"column":0},"end":{"line":23,"column":105}},"23":{"start":{"line":24,"column":0},"end":{"line":24,"column":34}},"24":{"start":{"line":25,"column":0},"end":{"line":25,"column":8}},"25":{"start":{"line":26,"column":0},"end":{"line":26,"column":28}},"26":{"start":{"line":27,"column":0},"end":{"line":27,"column":6}},"27":{"start":{"line":28,"column":0},"end":{"line":28,"column":25}},"30":{"start":{"line":31,"column":0},"end":{"line":31,"column":22}},"31":{"start":{"line":32,"column":0},"end":{"line":32,"column":6}},"32":{"start":{"line":33,"column":0},"end":{"line":33,"column":24}},"33":{"start":{"line":34,"column":0},"end":{"line":34,"column":43}},"34":{"start":{"line":35,"column":0},"end":{"line":35,"column":75}},"35":{"start":{"line":36,"column":0},"end":{"line":36,"column":53}},"36":{"start":{"line":37,"column":0},"end":{"line":37,"column":26}},"37":{"start":{"line":38,"column":0},"end":{"line":38,"column":7}},"38":{"start":{"line":39,"column":0},"end":{"line":39,"column":7}},"39":{"start":{"line":40,"column":0},"end":{"line":40,"column":2}},"41":{"start":{"line":42,"column":0},"end":{"line":42,"column":35}},"42":{"start":{"line":43,"column":0},"end":{"line":43,"column":23}},"43":{"start":{"line":44,"column":0},"end":{"line":44,"column":41}},"44":{"start":{"line":45,"column":0},"end":{"line":45,"column":19}},"45":{"start":{"line":46,"column":0},"end":{"line":46,"column":41}},"46":{"start":{"line":47,"column":0},"end":{"line":47,"column":36}},"47":{"start":{"line":48,"column":0},"end":{"line":48,"column":25}},"48":{"start":{"line":49,"column":0},"end":{"line":49,"column":64}},"49":{"start":{"line":50,"column":0},"end":{"line":50,"column":14}},"50":{"start":{"line":51,"column":0},"end":{"line":51,"column":35}},"51":{"start":{"line":52,"column":0},"end":{"line":52,"column":5}},"52":{"start":{"line":53,"column":0},"end":{"line":53,"column":10}},"53":{"start":{"line":54,"column":0},"end":{"line":54,"column":50}},"54":{"start":{"line":55,"column":0},"end":{"line":55,"column":3}},"55":{"start":{"line":56,"column":0},"end":{"line":56,"column":2}},"57":{"start":{"line":58,"column":0},"end":{"line":58,"column":13}},"58":{"start":{"line":59,"column":0},"end":{"line":59,"column":67}},"59":{"start":{"line":60,"column":0},"end":{"line":60,"column":52}},"60":{"start":{"line":61,"column":0},"end":{"line":61,"column":55}},"61":{"start":{"line":62,"column":0},"end":{"line":62,"column":73}},"62":{"start":{"line":63,"column":0},"end":{"line":63,"column":57}},"63":{"start":{"line":64,"column":0},"end":{"line":64,"column":51}},"64":{"start":{"line":65,"column":0},"end":{"line":65,"column":64}},"65":{"start":{"line":66,"column":0},"end":{"line":66,"column":70}},"66":{"start":{"line":67,"column":0},"end":{"line":67,"column":53}},"67":{"start":{"line":68,"column":0},"end":{"line":68,"column":73}},"68":{"start":{"line":69,"column":0},"end":{"line":69,"column":34}},"69":{"start":{"line":70,"column":0},"end":{"line":70,"column":53}},"70":{"start":{"line":71,"column":0},"end":{"line":71,"column":57}},"71":{"start":{"line":72,"column":0},"end":{"line":72,"column":81}},"72":{"start":{"line":73,"column":0},"end":{"line":73,"column":2}},"74":{"start":{"line":75,"column":0},"end":{"line":75,"column":19}}},"s":{"0":1,"2":1,"3":3,"4":3,"5":3,"7":1,"8":1,"9":1,"11":1,"12":3,"13":1,"14":1,"16":3,"17":3,"18":3,"19":3,"20":3,"21":3,"22":3,"23":3,"24":3,"25":3,"26":3,"27":3,"30":3,"31":3,"32":3,"33":0,"34":0,"35":0,"36":0,"37":0,"38":3,"39":3,"41":1,"42":3,"43":0,"44":0,"45":0,"46":0,"47":0,"48":0,"49":0,"50":0,"51":0,"52":3,"53":3,"54":3,"55":3,"57":1,"58":1,"59":1,"60":1,"61":1,"62":1,"63":1,"64":1,"65":1,"66":1,"67":0,"68":1,"69":0,"70":1,"71":1,"72":1,"74":1},"branchMap":{"0":{"type":"branch","line":3,"loc":{"start":{"line":3,"column":17},"end":{"line":6,"column":2}},"locations":[{"start":{"line":3,"column":17},"end":{"line":6,"column":2}}]},"1":{"type":"branch","line":5,"loc":{"start":{"line":5,"column":9},"end":{"line":5,"column":37}},"locations":[{"start":{"line":5,"column":9},"end":{"line":5,"column":37}}]},"2":{"type":"branch","line":12,"loc":{"start":{"line":12,"column":16},"end":{"line":40,"column":2}},"locations":[{"start":{"line":12,"column":16},"end":{"line":40,"column":2}}]},"3":{"type":"branch","line":13,"loc":{"start":{"line":13,"column":49},"end":{"line":15,"column":3}},"locations":[{"start":{"line":13,"column":49},"end":{"line":15,"column":3}}]},"4":{"type":"branch","line":28,"loc":{"start":{"line":28,"column":10},"end":{"line":32,"column":5}},"locations":[{"start":{"line":28,"column":10},"end":{"line":32,"column":5}}]},"5":{"type":"branch","line":42,"loc":{"start":{"line":42,"column":23},"end":{"line":56,"column":2}},"locations":[{"start":{"line":42,"column":23},"end":{"line":56,"column":2}}]},"6":{"type":"branch","line":43,"loc":{"start":{"line":43,"column":22},"end":{"line":53,"column":9}},"locations":[{"start":{"line":43,"column":22},"end":{"line":53,"column":9}}]},"7":{"type":"branch","line":62,"loc":{"start":{"line":62,"column":15},"end":{"line":62,"column":73}},"locations":[{"start":{"line":62,"column":15},"end":{"line":62,"column":73}}]}},"b":{"0":[3],"1":[0],"2":[3],"3":[1],"4":[3],"5":[3],"6":[0],"7":[3]},"fnMap":{"0":{"name":"getToken","decl":{"start":{"line":3,"column":17},"end":{"line":6,"column":2}},"loc":{"start":{"line":3,"column":17},"end":{"line":6,"column":2}},"line":3},"1":{"name":"request","decl":{"start":{"line":12,"column":16},"end":{"line":40,"column":2}},"loc":{"start":{"line":12,"column":16},"end":{"line":40,"column":2}},"line":12},"2":{"name":"handleApiError","decl":{"start":{"line":42,"column":23},"end":{"line":56,"column":2}},"loc":{"start":{"line":42,"column":23},"end":{"line":56,"column":2}},"line":42},"3":{"name":"getAllSimplePatients","decl":{"start":{"line":59,"column":24},"end":{"line":59,"column":67}},"loc":{"start":{"line":59,"column":24},"end":{"line":59,"column":67}},"line":59},"4":{"name":"getDentist","decl":{"start":{"line":60,"column":14},"end":{"line":60,"column":52}},"loc":{"start":{"line":60,"column":14},"end":{"line":60,"column":52}},"line":60},"5":{"name":"getPatient","decl":{"start":{"line":61,"column":14},"end":{"line":61,"column":55}},"loc":{"start":{"line":61,"column":14},"end":{"line":61,"column":55}},"line":61},"6":{"name":"updateTeeth","decl":{"start":{"line":62,"column":15},"end":{"line":62,"column":73}},"loc":{"start":{"line":62,"column":15},"end":{"line":62,"column":73}},"line":62},"7":{"name":"register","decl":{"start":{"line":63,"column":12},"end":{"line":63,"column":57}},"loc":{"start":{"line":63,"column":12},"end":{"line":63,"column":57}},"line":63},"8":{"name":"login","decl":{"start":{"line":64,"column":9},"end":{"line":64,"column":51}},"loc":{"start":{"line":64,"column":9},"end":{"line":64,"column":51}},"line":64},"9":{"name":"loginGoogle","decl":{"start":{"line":65,"column":15},"end":{"line":65,"column":64}},"loc":{"start":{"line":65,"column":15},"end":{"line":65,"column":64}},"line":65},"10":{"name":"registerGoogle","decl":{"start":{"line":66,"column":18},"end":{"line":66,"column":70}},"loc":{"start":{"line":66,"column":18},"end":{"line":66,"column":70}},"line":66},"11":{"name":"removePatient","decl":{"start":{"line":67,"column":17},"end":{"line":68,"column":73}},"loc":{"start":{"line":67,"column":17},"end":{"line":68,"column":73}},"line":67},"12":{"name":"addPatient","decl":{"start":{"line":69,"column":14},"end":{"line":70,"column":53}},"loc":{"start":{"line":69,"column":14},"end":{"line":70,"column":53}},"line":69},"13":{"name":"sendWhatsapp","decl":{"start":{"line":71,"column":16},"end":{"line":71,"column":57}},"loc":{"start":{"line":71,"column":16},"end":{"line":71,"column":57}},"line":71},"14":{"name":"getPatientRecord","decl":{"start":{"line":72,"column":20},"end":{"line":72,"column":81}},"loc":{"start":{"line":72,"column":20},"end":{"line":72,"column":81}},"line":72}},"f":{"0":3,"1":3,"2":3,"3":0,"4":0,"5":0,"6":3,"7":0,"8":0,"9":0,"10":0,"11":0,"12":0,"13":0,"14":0}}
}
